linea :0 , primera columna: 0 ultima columna: 5 , BEGIN: Es un@Reservadas

Token: TRANSACTION TRANSACTION

linea :0 , primera columna: 17 ultima columna: 18 , ;: Es un@punto_coma

Token: UPDATE UPDATE

linea :1 , primera columna: 7 ultima columna: 17 , Production: Es un@Identificador

linea :1 , primera columna: 17 ultima columna: 18 , .: Es un@punto

linea :1 , primera columna: 18 ultima columna: 25 , Product: Es un@Identificador

Token: SET SET

linea :2 , primera columna: 4 ultima columna: 9 , Color: Es un@Identificador

linea :2 , primera columna: 10 ultima columna: 11 , =: Es un@igual

linea :2 , primera columna: 12 ultima columna: 26 , 'Metallic Red': Es un@String

Token: WHERE WHERE

linea :3 , primera columna: 6 ultima columna: 10 , Name: Es un@Identificador

Token: LIKE LIKE

linea :3 , primera columna: 16 ultima columna: 27 , 'Road-250%': Es un@String

Token: AND AND

linea :3 , primera columna: 32 ultima columna: 37 , Color: Es un@Identificador

linea :3 , primera columna: 38 ultima columna: 39 , =: Es un@igual

linea :3 , primera columna: 40 ultima columna: 45 , 'Red': Es un@String

linea :3 , primera columna: 45 ultima columna: 46 , ;: Es un@punto_coma

Token: UPDATE UPDATE

Token: TOP TOP

linea :6 , primera columna: 11 ultima columna: 12 , (: Es un@parentesis_izquierdo

linea :6 , primera columna: 12 ultima columna: 14 , 10: Es un@Int

linea :6 , primera columna: 14 ultima columna: 15 , ): Es un@parentesis_derecho

linea :6 , primera columna: 16 ultima columna: 30 , HumanResources: Es un@Identificador

linea :6 , primera columna: 30 ultima columna: 31 , .: Es un@punto

linea :6 , primera columna: 31 ultima columna: 39 , Employee: Es un@Identificador

Token: SET SET

linea :7 , primera columna: 4 ultima columna: 17 , VacationHours: Es un@Identificador

linea :7 , primera columna: 18 ultima columna: 19 , =: Es un@igual

linea :7 , primera columna: 20 ultima columna: 21 , (: Es un@parentesis_izquierdo

linea :7 , primera columna: 21 ultima columna: 22 , (: Es un@parentesis_izquierdo

linea :7 , primera columna: 22 ultima columna: 35 , VacationHours: Es un@Identificador

linea :7 , primera columna: 36 ultima columna: 37 , *: Es un@multiplicacion

linea :7 , primera columna: 38 ultima columna: 42 , 1.25: Es un@Float

linea :7 , primera columna: 42 ultima columna: 43 , ): Es un@parentesis_derecho

linea :7 , primera columna: 44 ultima columna: 45 , +: Es un@suma

linea :7 , primera columna: 46 ultima columna: 47 , 5: Es un@Int

linea :7 , primera columna: 47 ultima columna: 48 , ): Es un@parentesis_derecho

linea :7 , primera columna: 49 ultima columna: 50 , ,: Es un@coma

linea :7 , primera columna: 51 ultima columna: 55 , dasd: Es un@Identificador

linea :7 , primera columna: 56 ultima columna: 57 , =: Es un@igual

linea :7 , primera columna: 58 ultima columna: 64 , 'sdad': Es un@String

linea :7 , primera columna: 64 ultima columna: 65 , ,: Es un@coma

linea :7 , primera columna: 65 ultima columna: 71 , lksdja: Es un@Identificador

linea :7 , primera columna: 72 ultima columna: 73 , =: Es un@igual

linea :8 , primera columna: 0 ultima columna: 1 , 5: Es un@Int

linea :8 , primera columna: 2 ultima columna: 3 , +: Es un@suma

linea :8 , primera columna: 3 ultima columna: 4 , (: Es un@parentesis_izquierdo

linea :8 , primera columna: 4 ultima columna: 8 , sdad: Es un@Identificador

linea :8 , primera columna: 9 ultima columna: 10 , /: Es un@division

linea :8 , primera columna: 11 ultima columna: 12 , 4: Es un@Int

linea :8 , primera columna: 12 ultima columna: 13 , ): Es un@parentesis_derecho

linea :8 , primera columna: 13 ultima columna: 14 , +: Es un@suma

linea :8 , primera columna: 14 ultima columna: 15 , 2: Es un@Int

Token: WHERE WHERE

linea :9 , primera columna: 6 ultima columna: 10 , Name: Es un@Identificador

Token: LIKE LIKE

linea :9 , primera columna: 16 ultima columna: 27 , 'Road-250%': Es un@String

Token: AND AND

linea :9 , primera columna: 32 ultima columna: 37 , Color: Es un@Identificador

linea :9 , primera columna: 38 ultima columna: 39 , =: Es un@igual

linea :9 , primera columna: 40 ultima columna: 45 , 'Red': Es un@String

linea :9 , primera columna: 45 ultima columna: 46 , ;: Es un@punto_coma

Token: INSERT INSERT

Token: INTO INTO

linea :11 , primera columna: 12 ultima columna: 21 , Customers: Es un@Identificador

linea :11 , primera columna: 22 ultima columna: 23 , (: Es un@parentesis_izquierdo

linea :11 , primera columna: 23 ultima columna: 35 , CustomerName: Es un@Identificador

linea :11 , primera columna: 35 ultima columna: 36 , ,: Es un@coma

linea :11 , primera columna: 37 ultima columna: 48 , ContactName: Es un@Identificador

linea :11 , primera columna: 48 ultima columna: 49 , ,: Es un@coma

linea :11 , primera columna: 50 ultima columna: 57 , Address: Es un@Identificador

linea :11 , primera columna: 57 ultima columna: 58 , ,: Es un@coma

linea :11 , primera columna: 59 ultima columna: 63 , City: Es un@Identificador

linea :11 , primera columna: 63 ultima columna: 64 , ,: Es un@coma

linea :11 , primera columna: 65 ultima columna: 75 , PostalCode: Es un@Identificador

linea :11 , primera columna: 75 ultima columna: 76 , ,: Es un@coma

linea :11 , primera columna: 77 ultima columna: 84 , Country: Es un@Identificador

linea :11 , primera columna: 84 ultima columna: 85 , ): Es un@parentesis_derecho

Token: VALUES VALUES

linea :12 , primera columna: 7 ultima columna: 8 , (: Es un@parentesis_izquierdo

linea :12 , primera columna: 8 ultima columna: 18 , 'Cardinal': Es un@String

linea :12 , primera columna: 18 ultima columna: 19 , ,: Es un@coma

linea :12 , primera columna: 20 ultima columna: 37 , 'Tom B. Erichsen': Es un@String

linea :12 , primera columna: 37 ultima columna: 38 , ,: Es un@coma

linea :12 , primera columna: 39 ultima columna: 50 , 'Skagen 21': Es un@String

linea :12 , primera columna: 50 ultima columna: 51 , ,: Es un@coma

linea :12 , primera columna: 52 ultima columna: 63 , 'Stavanger': Es un@String

linea :12 , primera columna: 63 ultima columna: 64 , ,: Es un@coma

linea :12 , primera columna: 65 ultima columna: 71 , '4006': Es un@String

linea :12 , primera columna: 71 ultima columna: 72 , ,: Es un@coma

linea :12 , primera columna: 73 ultima columna: 81 , 'Norway': Es un@String

linea :12 , primera columna: 81 ultima columna: 82 , ): Es un@parentesis_derecho

linea :12 , primera columna: 82 ultima columna: 83 , ;: Es un@punto_coma

Token: UPDATE UPDATE

linea :16 , primera columna: 7 ultima columna: 17 , Production: Es un@Identificador

linea :16 , primera columna: 17 ultima columna: 18 , .: Es un@punto

linea :16 , primera columna: 18 ultima columna: 25 , Product: Es un@Identificador

Token: SET SET

linea :17 , primera columna: 4 ultima columna: 9 , Color: Es un@Identificador

linea :17 , primera columna: 10 ultima columna: 11 , =: Es un@igual

linea :17 , primera columna: 12 ultima columna: 20 , 'CHAPIN': Es un@String

Token: GO GO

Token: DROP DROP

Token: TABLE TABLE

Token: IF IF

Token: EXISTS EXISTS

linea :19 , primera columna: 21 ultima columna: 24 , dbo: Es un@Identificador

linea :19 , primera columna: 24 ultima columna: 25 , .: Es un@punto

linea :19 , primera columna: 25 ultima columna: 32 , Product: Es un@Identificador

linea :19 , primera columna: 32 ultima columna: 33 , ,: Es un@coma

linea :19 , primera columna: 33 ultima columna: 38 , asdad: Es un@Identificador

linea :19 , primera columna: 38 ultima columna: 39 , ;: Es un@punto_coma

Token: DROP DROP

Token: INDEX INDEX

linea :21 , primera columna: 11 ultima columna: 21 , index_name: Es un@Identificador

Token: ON ON

linea :21 , primera columna: 25 ultima columna: 35 , table_name: Es un@Identificador

linea :21 , primera columna: 35 ultima columna: 36 , ,: Es un@coma

linea :21 , primera columna: 36 ultima columna: 43 , sdakdja: Es un@Identificador

Token: ON ON

linea :21 , primera columna: 47 ultima columna: 57 , table_name: Es un@Identificador

linea :21 , primera columna: 57 ultima columna: 58 , ;: Es un@punto_coma

Token: DROP DROP

Token: INDEX INDEX

Token: ON ON

linea :23 , primera columna: 14 ultima columna: 24 , table_name: Es un@Identificador

linea :23 , primera columna: 24 ultima columna: 25 , .: Es un@punto

linea :23 , primera columna: 25 ultima columna: 35 , index_name: Es un@Identificador

linea :23 , primera columna: 35 ultima columna: 36 , ;: Es un@punto_coma

Token: DROP DROP

Token: INDEX INDEX

Token: IF IF

Token: EXISTS EXISTS

linea :26 , primera columna: 21 ultima columna: 34 , ix_cust_email: Es un@Identificador

Token: ON ON

linea :27 , primera columna: 3 ultima columna: 8 , sales: Es un@Identificador

linea :27 , primera columna: 8 ultima columna: 9 , .: Es un@punto

linea :27 , primera columna: 9 ultima columna: 18 , customers: Es un@Identificador

linea :27 , primera columna: 18 ultima columna: 19 , ;: Es un@punto_coma

Token: SELECT SELECT

linea :30 , primera columna: 7 ultima columna: 19 , SalesOrderID: Es un@Identificador

linea :30 , primera columna: 19 ultima columna: 20 , ,: Es un@coma

Token: SUM SUM

linea :30 , primera columna: 24 ultima columna: 25 , (: Es un@parentesis_izquierdo

linea :30 , primera columna: 25 ultima columna: 34 , LineTotal: Es un@Identificador

linea :30 , primera columna: 34 ultima columna: 35 , ): Es un@parentesis_derecho

Token: AS AS

linea :30 , primera columna: 39 ultima columna: 47 , SubTotal: Es un@Identificador

Token: FROM FROM

linea :31 , primera columna: 5 ultima columna: 10 , Sales: Es un@Identificador

linea :31 , primera columna: 10 ultima columna: 11 , .: Es un@punto

linea :31 , primera columna: 11 ultima columna: 27 , SalesOrderDetail: Es un@Identificador

Token: GROUP GROUP

Token: BY BY

linea :32 , primera columna: 9 ultima columna: 21 , SalesOrderID: Es un@Identificador

Token: ORDER ORDER

Token: BY BY

linea :33 , primera columna: 9 ultima columna: 21 , SalesOrderID: Es un@Identificador

linea :33 , primera columna: 21 ultima columna: 22 , ;: Es un@punto_coma

linea :35 , primera columna: 0 ultima columna: 6 , COMMIT: Es un@Reservadas

linea :35 , primera columna: 6 ultima columna: 7 , ;: Es un@punto_coma

Token: SELECT SELECT

linea :37 , primera columna: 7 ultima columna: 21 , ProductModelID: Es un@Identificador

linea :37 , primera columna: 21 ultima columna: 22 , ,: Es un@coma

Token: AVG AVG

linea :37 , primera columna: 26 ultima columna: 27 , (: Es un@parentesis_izquierdo

linea :37 , primera columna: 27 ultima columna: 36 , ListPrice: Es un@Identificador

linea :37 , primera columna: 36 ultima columna: 37 , ): Es un@parentesis_derecho

Token: AS AS

linea :37 , primera columna: 41 ultima columna: 59 , [AverageListPrice]: Es un@Identificador

Token: FROM FROM

linea :38 , primera columna: 5 ultima columna: 15 , Production: Es un@Identificador

linea :38 , primera columna: 15 ultima columna: 16 , .: Es un@punto

linea :38 , primera columna: 16 ultima columna: 23 , Product: Es un@Identificador

Token: WHERE WHERE

linea :39 , primera columna: 6 ultima columna: 15 , ListPrice: Es un@Identificador

linea :39 , primera columna: 16 ultima columna: 17 , >: Es un@mayor

Simbolo no definido en linea: 39 primera columna: 18 ultima columna: 19 para el token: $

linea :39 , primera columna: 19 ultima columna: 23 , 1000: Es un@Int

Token: GROUP GROUP

Token: BY BY

linea :40 , primera columna: 9 ultima columna: 23 , ProductModelID: Es un@Identificador

Token: ORDER ORDER

Token: BY BY

linea :41 , primera columna: 9 ultima columna: 23 , ProductModelID: Es un@Identificador

linea :41 , primera columna: 23 ultima columna: 24 , ;: Es un@punto_coma

Token: SELECT SELECT

linea :44 , primera columna: 7 ultima columna: 16 , ProductID: Es un@Identificador

Token: FROM FROM

linea :45 , primera columna: 5 ultima columna: 10 , Sales: Es un@Identificador

linea :45 , primera columna: 10 ultima columna: 11 , .: Es un@punto

linea :45 , primera columna: 11 ultima columna: 27 , SalesOrderDetail: Es un@Identificador

Token: GROUP GROUP

Token: BY BY

linea :46 , primera columna: 9 ultima columna: 18 , ProductID: Es un@Identificador

Token: HAVING HAVING

Token: AVG AVG

linea :47 , primera columna: 10 ultima columna: 11 , (: Es un@parentesis_izquierdo

linea :47 , primera columna: 11 ultima columna: 19 , OrderQty: Es un@Identificador

linea :47 , primera columna: 19 ultima columna: 20 , ): Es un@parentesis_derecho

linea :47 , primera columna: 21 ultima columna: 22 , >: Es un@mayor

linea :47 , primera columna: 23 ultima columna: 24 , 5: Es un@Int

Token: ORDER ORDER

Token: BY BY

linea :48 , primera columna: 9 ultima columna: 18 , ProductID: Es un@Identificador

linea :48 , primera columna: 18 ultima columna: 19 , ;: Es un@punto_coma

Token: SELECT SELECT

linea :51 , primera columna: 7 ultima columna: 16 , ProductID: Es un@Identificador

Token: FROM FROM

linea :52 , primera columna: 5 ultima columna: 10 , Sales: Es un@Identificador

linea :52 , primera columna: 10 ultima columna: 11 , .: Es un@punto

linea :52 , primera columna: 11 ultima columna: 27 , SalesOrderDetail: Es un@Identificador

Token: WHERE WHERE

linea :53 , primera columna: 6 ultima columna: 15 , UnitPrice: Es un@Identificador

linea :53 , primera columna: 16 ultima columna: 17 , <: Es un@menor

linea :53 , primera columna: 18 ultima columna: 23 , 25.00: Es un@Float

Token: GROUP GROUP

Token: BY BY

linea :54 , primera columna: 9 ultima columna: 18 , ProductID: Es un@Identificador

Token: HAVING HAVING

Token: AVG AVG

linea :55 , primera columna: 10 ultima columna: 11 , (: Es un@parentesis_izquierdo

linea :55 , primera columna: 11 ultima columna: 19 , OrderQty: Es un@Identificador

linea :55 , primera columna: 19 ultima columna: 20 , ): Es un@parentesis_derecho

linea :55 , primera columna: 21 ultima columna: 22 , >: Es un@mayor

linea :55 , primera columna: 23 ultima columna: 24 , 5: Es un@Int

Token: ORDER ORDER

Token: BY BY

linea :56 , primera columna: 9 ultima columna: 18 , ProductID: Es un@Identificador

linea :56 , primera columna: 18 ultima columna: 19 , ;: Es un@punto_coma

Token: SELECT SELECT

linea :60 , primera columna: 7 ultima columna: 16 , ProductID: Es un@Identificador

linea :60 , primera columna: 16 ultima columna: 17 , ,: Es un@coma

Token: AVG AVG

linea :60 , primera columna: 21 ultima columna: 22 , (: Es un@parentesis_izquierdo

linea :60 , primera columna: 22 ultima columna: 30 , OrderQty: Es un@Identificador

linea :60 , primera columna: 30 ultima columna: 31 , ): Es un@parentesis_derecho

Token: AS AS

linea :60 , primera columna: 35 ultima columna: 50 , AverageQuantity: Es un@Identificador

linea :60 , primera columna: 50 ultima columna: 51 , ,: Es un@coma

Token: SUM SUM

linea :60 , primera columna: 55 ultima columna: 56 , (: Es un@parentesis_izquierdo

linea :60 , primera columna: 56 ultima columna: 65 , LineTotal: Es un@Identificador

linea :60 , primera columna: 65 ultima columna: 66 , ): Es un@parentesis_derecho

Token: AS AS

linea :60 , primera columna: 70 ultima columna: 75 , Total: Es un@Identificador

Token: FROM FROM

linea :61 , primera columna: 5 ultima columna: 10 , Sales: Es un@Identificador

linea :61 , primera columna: 10 ultima columna: 11 , .: Es un@punto

linea :61 , primera columna: 11 ultima columna: 27 , SalesOrderDetail: Es un@Identificador

Token: GROUP GROUP

Token: BY BY

linea :62 , primera columna: 9 ultima columna: 18 , ProductID: Es un@Identificador

Token: HAVING HAVING

Token: SUM SUM

linea :63 , primera columna: 10 ultima columna: 11 , (: Es un@parentesis_izquierdo

linea :63 , primera columna: 11 ultima columna: 20 , LineTotal: Es un@Identificador

linea :63 , primera columna: 20 ultima columna: 21 , ): Es un@parentesis_derecho

linea :63 , primera columna: 22 ultima columna: 23 , >: Es un@mayor

Simbolo no definido en linea: 63 primera columna: 24 ultima columna: 25 para el token: $

linea :63 , primera columna: 25 ultima columna: 35 , 1000000.00: Es un@Float

Token: AND AND

Token: AVG AVG

linea :64 , primera columna: 7 ultima columna: 8 , (: Es un@parentesis_izquierdo

linea :64 , primera columna: 8 ultima columna: 16 , OrderQty: Es un@Identificador

linea :64 , primera columna: 16 ultima columna: 17 , ): Es un@parentesis_derecho

linea :64 , primera columna: 18 ultima columna: 19 , <: Es un@menor

linea :64 , primera columna: 20 ultima columna: 21 , 3: Es un@Int

linea :64 , primera columna: 21 ultima columna: 22 , ;: Es un@punto_coma

Token: TRUNCATE TRUNCATE

Token: TABLE TABLE

linea :66 , primera columna: 15 ultima columna: 29 , HumanResources: Es un@Identificador

linea :66 , primera columna: 29 ultima columna: 30 , .: Es un@punto

linea :66 , primera columna: 30 ultima columna: 42 , JobCandidate: Es un@Identificador

linea :66 , primera columna: 42 ultima columna: 43 , ;: Es un@punto_coma

Token: TRUNCATE TRUNCATE

Token: TABLE TABLE

linea :69 , primera columna: 15 ultima columna: 30 , PartitionTable1: Es un@Identificador

linea :69 , primera columna: 30 ultima columna: 31 , ;: Es un@punto_coma

Token: SELECT SELECT

linea :73 , primera columna: 4 ultima columna: 8 , city: Es un@Identificador

linea :73 , primera columna: 8 ultima columna: 9 , ,: Es un@coma

Token: COUNT COUNT

linea :74 , primera columna: 10 ultima columna: 11 , (: Es un@parentesis_izquierdo

linea :74 , primera columna: 11 ultima columna: 12 , *: Es un@multiplicacion

linea :74 , primera columna: 12 ultima columna: 13 , ): Es un@parentesis_derecho

Token: FROM FROM

linea :76 , primera columna: 4 ultima columna: 9 , sales: Es un@Identificador

linea :76 , primera columna: 9 ultima columna: 10 , .: Es un@punto

linea :76 , primera columna: 10 ultima columna: 19 , customers: Es un@Identificador

Token: WHERE WHERE

linea :78 , primera columna: 4 ultima columna: 9 , state: Es un@Identificador

linea :78 , primera columna: 10 ultima columna: 11 , =: Es un@igual

linea :78 , primera columna: 12 ultima columna: 16 , 'CA': Es un@String

Token: GROUP GROUP

Token: BY BY

linea :80 , primera columna: 4 ultima columna: 8 , city: Es un@Identificador

Token: HAVING HAVING

Token: COUNT COUNT

linea :82 , primera columna: 10 ultima columna: 11 , (: Es un@parentesis_izquierdo

linea :82 , primera columna: 11 ultima columna: 12 , *: Es un@multiplicacion

linea :82 , primera columna: 12 ultima columna: 13 , ): Es un@parentesis_derecho

linea :82 , primera columna: 14 ultima columna: 15 , >: Es un@mayor

linea :82 , primera columna: 16 ultima columna: 18 , 10: Es un@Int

Token: ORDER ORDER

Token: BY BY

linea :84 , primera columna: 4 ultima columna: 8 , city: Es un@Identificador

linea :84 , primera columna: 8 ultima columna: 9 , ;: Es un@punto_coma

Token: SELECT SELECT

linea :87 , primera columna: 4 ultima columna: 5 , *: Es un@multiplicacion

Token: FROM FROM

linea :89 , primera columna: 4 ultima columna: 9 , sales: Es un@Identificador

linea :89 , primera columna: 9 ultima columna: 10 , .: Es un@punto

linea :89 , primera columna: 10 ultima columna: 19 , customers: Es un@Identificador

Token: WHERE WHERE

linea :91 , primera columna: 4 ultima columna: 9 , state: Es un@Identificador

linea :91 , primera columna: 10 ultima columna: 11 , =: Es un@igual

linea :91 , primera columna: 12 ultima columna: 16 , 'CA': Es un@String

Token: ORDER ORDER

Token: BY BY

linea :93 , primera columna: 4 ultima columna: 14 , first_name: Es un@Identificador

linea :93 , primera columna: 14 ultima columna: 15 , ;: Es un@punto_coma

Token: SELECT SELECT

linea :96 , primera columna: 11 ultima columna: 17 , Orders: Es un@Identificador

linea :96 , primera columna: 17 ultima columna: 18 , .: Es un@punto

linea :96 , primera columna: 18 ultima columna: 25 , OrderID: Es un@Identificador

linea :96 , primera columna: 25 ultima columna: 26 , ,: Es un@coma

linea :96 , primera columna: 27 ultima columna: 36 , Customers: Es un@Identificador

linea :96 , primera columna: 36 ultima columna: 37 , .: Es un@punto

linea :96 , primera columna: 37 ultima columna: 49 , CustomerName: Es un@Identificador

linea :96 , primera columna: 49 ultima columna: 50 , ,: Es un@coma

linea :96 , primera columna: 51 ultima columna: 57 , Orders: Es un@Identificador

linea :96 , primera columna: 57 ultima columna: 58 , .: Es un@punto

linea :96 , primera columna: 58 ultima columna: 67 , OrderDate: Es un@Identificador

Token: FROM FROM

linea :97 , primera columna: 5 ultima columna: 11 , Orders: Es un@Identificador

Token: INNER INNER

Token: JOIN JOIN

linea :98 , primera columna: 11 ultima columna: 20 , Customers: Es un@Identificador

Token: ON ON

linea :98 , primera columna: 24 ultima columna: 30 , Orders: Es un@Identificador

linea :98 , primera columna: 30 ultima columna: 31 , .: Es un@punto

linea :98 , primera columna: 31 ultima columna: 41 , CustomerID: Es un@Identificador

linea :98 , primera columna: 41 ultima columna: 42 , =: Es un@igual

linea :98 , primera columna: 42 ultima columna: 51 , Customers: Es un@Identificador

linea :98 , primera columna: 51 ultima columna: 52 , .: Es un@punto

linea :98 , primera columna: 52 ultima columna: 62 , CustomerID: Es un@Identificador

linea :98 , primera columna: 62 ultima columna: 63 , ;: Es un@punto_coma

Token: SELECT SELECT

linea :101 , primera columna: 7 ultima columna: 13 , Orders: Es un@Identificador

linea :101 , primera columna: 13 ultima columna: 14 , .: Es un@punto

linea :101 , primera columna: 14 ultima columna: 21 , OrderID: Es un@Identificador

linea :101 , primera columna: 21 ultima columna: 22 , ,: Es un@coma

linea :101 , primera columna: 23 ultima columna: 32 , Customers: Es un@Identificador

linea :101 , primera columna: 32 ultima columna: 33 , .: Es un@punto

linea :101 , primera columna: 33 ultima columna: 45 , CustomerName: Es un@Identificador

Token: FROM FROM

linea :102 , primera columna: 5 ultima columna: 11 , Orders: Es un@Identificador

Token: INNER INNER

Token: JOIN JOIN

linea :103 , primera columna: 11 ultima columna: 20 , Customers: Es un@Identificador

Token: ON ON

linea :103 , primera columna: 24 ultima columna: 30 , Orders: Es un@Identificador

linea :103 , primera columna: 30 ultima columna: 31 , .: Es un@punto

linea :103 , primera columna: 31 ultima columna: 41 , CustomerID: Es un@Identificador

linea :103 , primera columna: 42 ultima columna: 43 , =: Es un@igual

linea :103 , primera columna: 44 ultima columna: 53 , Customers: Es un@Identificador

linea :103 , primera columna: 53 ultima columna: 54 , .: Es un@punto

linea :103 , primera columna: 54 ultima columna: 64 , CustomerID: Es un@Identificador

linea :103 , primera columna: 64 ultima columna: 65 , ;: Es un@punto_coma

Token: SELECT SELECT

linea :106 , primera columna: 7 ultima columna: 16 , Customers: Es un@Identificador

linea :106 , primera columna: 16 ultima columna: 17 , .: Es un@punto

linea :106 , primera columna: 17 ultima columna: 29 , CustomerName: Es un@Identificador

linea :106 , primera columna: 29 ultima columna: 30 , ,: Es un@coma

linea :106 , primera columna: 31 ultima columna: 37 , Orders: Es un@Identificador

linea :106 , primera columna: 37 ultima columna: 38 , .: Es un@punto

linea :106 , primera columna: 38 ultima columna: 45 , OrderID: Es un@Identificador

Token: FROM FROM

linea :107 , primera columna: 5 ultima columna: 14 , Customers: Es un@Identificador

Token: LEFT LEFT

Token: JOIN JOIN

linea :108 , primera columna: 10 ultima columna: 16 , Orders: Es un@Identificador

Token: ON ON

linea :108 , primera columna: 20 ultima columna: 29 , Customers: Es un@Identificador

linea :108 , primera columna: 29 ultima columna: 30 , .: Es un@punto

linea :108 , primera columna: 30 ultima columna: 40 , CustomerID: Es un@Identificador

linea :108 , primera columna: 41 ultima columna: 42 , =: Es un@igual

linea :108 , primera columna: 43 ultima columna: 49 , Orders: Es un@Identificador

linea :108 , primera columna: 49 ultima columna: 50 , .: Es un@punto

linea :108 , primera columna: 50 ultima columna: 60 , CustomerID: Es un@Identificador

Token: ORDER ORDER

Token: BY BY

linea :109 , primera columna: 9 ultima columna: 18 , Customers: Es un@Identificador

linea :109 , primera columna: 18 ultima columna: 19 , .: Es un@punto

linea :109 , primera columna: 19 ultima columna: 31 , CustomerName: Es un@Identificador

linea :109 , primera columna: 31 ultima columna: 32 , ;: Es un@punto_coma

Token: SELECT SELECT

linea :112 , primera columna: 7 ultima columna: 13 , Orders: Es un@Identificador

linea :112 , primera columna: 13 ultima columna: 14 , .: Es un@punto

linea :112 , primera columna: 14 ultima columna: 21 , OrderID: Es un@Identificador

linea :112 , primera columna: 21 ultima columna: 22 , ,: Es un@coma

linea :112 , primera columna: 23 ultima columna: 32 , Employees: Es un@Identificador

linea :112 , primera columna: 32 ultima columna: 33 , .: Es un@punto

linea :112 , primera columna: 33 ultima columna: 41 , LastName: Es un@Identificador

linea :112 , primera columna: 41 ultima columna: 42 , ,: Es un@coma

linea :112 , primera columna: 43 ultima columna: 52 , Employees: Es un@Identificador

linea :112 , primera columna: 52 ultima columna: 53 , .: Es un@punto

linea :112 , primera columna: 53 ultima columna: 62 , FirstName: Es un@Identificador

Token: FROM FROM

linea :113 , primera columna: 5 ultima columna: 11 , Orders: Es un@Identificador

Token: RIGHT RIGHT

Token: JOIN JOIN

linea :114 , primera columna: 11 ultima columna: 20 , Employees: Es un@Identificador

Token: ON ON

linea :114 , primera columna: 24 ultima columna: 30 , Orders: Es un@Identificador

linea :114 , primera columna: 30 ultima columna: 31 , .: Es un@punto

linea :114 , primera columna: 31 ultima columna: 41 , EmployeeID: Es un@Identificador

linea :114 , primera columna: 42 ultima columna: 43 , =: Es un@igual

linea :114 , primera columna: 44 ultima columna: 53 , Employees: Es un@Identificador

linea :114 , primera columna: 53 ultima columna: 54 , .: Es un@punto

linea :114 , primera columna: 54 ultima columna: 64 , EmployeeID: Es un@Identificador

Token: ORDER ORDER

Token: BY BY

linea :115 , primera columna: 9 ultima columna: 15 , Orders: Es un@Identificador

linea :115 , primera columna: 15 ultima columna: 16 , .: Es un@punto

linea :115 , primera columna: 16 ultima columna: 23 , OrderID: Es un@Identificador

linea :115 , primera columna: 23 ultima columna: 24 , ;: Es un@punto_coma

Token: SELECT SELECT

linea :118 , primera columna: 7 ultima columna: 16 , Customers: Es un@Identificador

linea :118 , primera columna: 16 ultima columna: 17 , .: Es un@punto

linea :118 , primera columna: 17 ultima columna: 29 , CustomerName: Es un@Identificador

linea :118 , primera columna: 29 ultima columna: 30 , ,: Es un@coma

linea :118 , primera columna: 31 ultima columna: 37 , Orders: Es un@Identificador

linea :118 , primera columna: 37 ultima columna: 38 , .: Es un@punto

linea :118 , primera columna: 38 ultima columna: 45 , OrderID: Es un@Identificador

Token: FROM FROM

linea :119 , primera columna: 5 ultima columna: 14 , Customers: Es un@Identificador

Token: FULL FULL

Token: OUTER OUTER

Token: JOIN JOIN

linea :120 , primera columna: 16 ultima columna: 22 , Orders: Es un@Identificador

Token: ON ON

linea :120 , primera columna: 26 ultima columna: 35 , Customers: Es un@Identificador

linea :120 , primera columna: 35 ultima columna: 36 , .: Es un@punto

linea :120 , primera columna: 36 ultima columna: 46 , CustomerID: Es un@Identificador

linea :120 , primera columna: 46 ultima columna: 47 , =: Es un@igual

linea :120 , primera columna: 47 ultima columna: 53 , Orders: Es un@Identificador

linea :120 , primera columna: 53 ultima columna: 54 , .: Es un@punto

linea :120 , primera columna: 54 ultima columna: 64 , CustomerID: Es un@Identificador

Token: ORDER ORDER

Token: BY BY

linea :121 , primera columna: 9 ultima columna: 18 , Customers: Es un@Identificador

linea :121 , primera columna: 18 ultima columna: 19 , .: Es un@punto

linea :121 , primera columna: 19 ultima columna: 31 , CustomerName: Es un@Identificador

linea :121 , primera columna: 31 ultima columna: 32 , ;: Es un@punto_coma

Token: DROP DROP

Token: DATABASE DATABASE

linea :126 , primera columna: 14 ultima columna: 19 , Sales: Es un@Identificador

linea :126 , primera columna: 19 ultima columna: 20 , ,: Es un@coma

linea :126 , primera columna: 21 ultima columna: 29 , NewSales: Es un@Identificador

linea :126 , primera columna: 29 ultima columna: 30 , ;: Es un@punto_coma

Token: DROP DROP

Token: DATABASE DATABASE

linea :129 , primera columna: 14 ultima columna: 32 , sales_snapshot0600: Es un@Identificador

linea :129 , primera columna: 32 ultima columna: 33 , ;: Es un@punto_coma

Token: UPDATE UPDATE

Token: TOP TOP

linea :133 , primera columna: 11 ultima columna: 13 , 10: Es un@Int

Token: PERCENT PERCENT

linea :133 , primera columna: 22 ultima columna: 36 , HumanResources: Es un@Identificador

linea :133 , primera columna: 36 ultima columna: 37 , .: Es un@punto

linea :133 , primera columna: 37 ultima columna: 45 , Employee: Es un@Identificador

Token: SET SET

linea :134 , primera columna: 4 ultima columna: 17 , VacationHours: Es un@Identificador

linea :134 , primera columna: 18 ultima columna: 19 , =: Es un@igual

linea :134 , primera columna: 20 ultima columna: 21 , (: Es un@parentesis_izquierdo

linea :134 , primera columna: 21 ultima columna: 22 , (: Es un@parentesis_izquierdo

linea :134 , primera columna: 22 ultima columna: 35 , VacationHours: Es un@Identificador

linea :134 , primera columna: 36 ultima columna: 37 , *: Es un@multiplicacion

linea :134 , primera columna: 38 ultima columna: 42 , 1.25: Es un@Float

linea :134 , primera columna: 42 ultima columna: 43 , ): Es un@parentesis_derecho

linea :134 , primera columna: 44 ultima columna: 45 , +: Es un@suma

linea :134 , primera columna: 46 ultima columna: 47 , 5: Es un@Int

linea :134 , primera columna: 47 ultima columna: 48 , ): Es un@parentesis_derecho

linea :134 , primera columna: 49 ultima columna: 50 , ,: Es un@coma

linea :134 , primera columna: 51 ultima columna: 55 , dasd: Es un@Identificador

linea :134 , primera columna: 56 ultima columna: 57 , =: Es un@igual

linea :134 , primera columna: 58 ultima columna: 64 , 'sdad': Es un@String

linea :134 , primera columna: 64 ultima columna: 65 , ,: Es un@coma

linea :134 , primera columna: 65 ultima columna: 71 , lksdja: Es un@Identificador

linea :134 , primera columna: 72 ultima columna: 73 , =: Es un@igual

linea :135 , primera columna: 0 ultima columna: 1 , 5: Es un@Int

linea :135 , primera columna: 2 ultima columna: 3 , +: Es un@suma

linea :135 , primera columna: 3 ultima columna: 4 , (: Es un@parentesis_izquierdo

linea :135 , primera columna: 4 ultima columna: 8 , sdad: Es un@Identificador

linea :135 , primera columna: 9 ultima columna: 10 , /: Es un@division

linea :135 , primera columna: 11 ultima columna: 12 , 4: Es un@Int

linea :135 , primera columna: 12 ultima columna: 13 , ): Es un@parentesis_derecho

linea :135 , primera columna: 13 ultima columna: 14 , +: Es un@suma

linea :135 , primera columna: 14 ultima columna: 15 , 2: Es un@Int

Token: WHERE WHERE

linea :136 , primera columna: 6 ultima columna: 10 , Name: Es un@Identificador

Token: LIKE LIKE

linea :136 , primera columna: 16 ultima columna: 27 , 'Road-250%': Es un@String

Token: AND AND

linea :136 , primera columna: 32 ultima columna: 37 , Color: Es un@Identificador

linea :136 , primera columna: 38 ultima columna: 39 , =: Es un@igual

linea :136 , primera columna: 40 ultima columna: 45 , 'Red': Es un@String

linea :136 , primera columna: 45 ultima columna: 46 , ;: Es un@punto_coma

Token: DELETE DELETE

Token: FROM FROM

linea :139 , primera columna: 12 ultima columna: 21 , employees: Es un@Identificador

Token: WHERE WHERE

linea :140 , primera columna: 6 ultima columna: 15 , last_name: Es un@Identificador

linea :140 , primera columna: 16 ultima columna: 17 , =: Es un@igual

linea :140 , primera columna: 18 ultima columna: 27 , 'Johnson': Es un@String

Token: AND AND

linea :141 , primera columna: 4 ultima columna: 15 , employee_id: Es un@Identificador

linea :141 , primera columna: 16 ultima columna: 18 , >=: Es un@mayor_igual

linea :141 , primera columna: 19 ultima columna: 21 , 80: Es un@Int

linea :141 , primera columna: 21 ultima columna: 22 , ;: Es un@punto_coma

Token: DELETE DELETE

Token: TOP TOP

linea :143 , primera columna: 10 ultima columna: 11 , (: Es un@parentesis_izquierdo

linea :143 , primera columna: 11 ultima columna: 12 , 3: Es un@Int

linea :143 , primera columna: 12 ultima columna: 13 , ): Es un@parentesis_derecho

linea :144 , primera columna: 0 ultima columna: 5 , lkads: Es un@Identificador

linea :144 , primera columna: 6 ultima columna: 15 , Employees: Es un@Identificador

Token: WHERE WHERE

linea :145 , primera columna: 6 ultima columna: 15 , last_name: Es un@Identificador

linea :145 , primera columna: 16 ultima columna: 17 , =: Es un@igual

linea :145 , primera columna: 18 ultima columna: 27 , 'Johnson': Es un@String

linea :145 , primera columna: 27 ultima columna: 28 , ;: Es un@punto_coma

Token: DELETE DELETE

Token: TOP TOP

linea :148 , primera columna: 11 ultima columna: 13 , 10: Es un@Int

Token: PERCENT PERCENT

Token: FROM FROM

linea :148 , primera columna: 27 ultima columna: 39 , target_table: Es un@Identificador

linea :148 , primera columna: 39 ultima columna: 40 , ;: Es un@punto_coma

Token: INSERT INSERT

linea :151 , primera columna: 7 ultima columna: 10 , dbo: Es un@Identificador

linea :151 , primera columna: 10 ultima columna: 11 , .: Es un@punto

linea :151 , primera columna: 11 ultima columna: 19 , Products: Es un@Identificador

linea :151 , primera columna: 20 ultima columna: 21 , (: Es un@parentesis_izquierdo

linea :151 , primera columna: 21 ultima columna: 32 , ProductName: Es un@Identificador

linea :151 , primera columna: 32 ultima columna: 33 , ,: Es un@coma

linea :151 , primera columna: 34 ultima columna: 43 , ProductID: Es un@Identificador

linea :151 , primera columna: 43 ultima columna: 44 , ,: Es un@coma

linea :151 , primera columna: 45 ultima columna: 50 , Price: Es un@Identificador

linea :151 , primera columna: 50 ultima columna: 51 , ,: Es un@coma

linea :151 , primera columna: 52 ultima columna: 70 , ProductDescription: Es un@Identificador

linea :151 , primera columna: 70 ultima columna: 71 , ): Es un@parentesis_derecho

Token: VALUES VALUES

linea :152 , primera columna: 11 ultima columna: 12 , (: Es un@parentesis_izquierdo

linea :152 , primera columna: 12 ultima columna: 25 , 'Screwdriver': Es un@String

linea :152 , primera columna: 25 ultima columna: 26 , ,: Es un@coma

linea :152 , primera columna: 27 ultima columna: 29 , 50: Es un@Int

linea :152 , primera columna: 29 ultima columna: 30 , ,: Es un@coma

linea :152 , primera columna: 31 ultima columna: 35 , 3.17: Es un@Float

linea :152 , primera columna: 35 ultima columna: 36 , ,: Es un@coma

linea :152 , primera columna: 37 ultima columna: 48 , 'Flat head': Es un@String

linea :152 , primera columna: 48 ultima columna: 49 , ): Es un@parentesis_derecho

linea :152 , primera columna: 49 ultima columna: 50 , ;: Es un@punto_coma

Token: INSERT INSERT

linea :155 , primera columna: 7 ultima columna: 10 , dbo: Es un@Identificador

linea :155 , primera columna: 10 ultima columna: 11 , .: Es un@punto

linea :155 , primera columna: 11 ultima columna: 19 , Products: Es un@Identificador

Token: VALUES VALUES

linea :156 , primera columna: 11 ultima columna: 12 , (: Es un@parentesis_izquierdo

linea :156 , primera columna: 12 ultima columna: 14 , 75: Es un@Int

linea :156 , primera columna: 14 ultima columna: 15 , ,: Es un@coma

linea :156 , primera columna: 16 ultima columna: 26 , 'Tire Bar': Es un@String

linea :156 , primera columna: 26 ultima columna: 27 , ,: Es un@coma

Token: NULL NULL

linea :156 , primera columna: 32 ultima columna: 33 , ,: Es un@coma

linea :156 , primera columna: 34 ultima columna: 60 , 'Tool for changing tires.': Es un@String

linea :156 , primera columna: 60 ultima columna: 61 , ): Es un@parentesis_derecho

linea :156 , primera columna: 61 ultima columna: 62 , ;: Es un@punto_coma

Token: SELECT SELECT

Token: COUNT COUNT

linea :161 , primera columna: 12 ultima columna: 13 , (: Es un@parentesis_izquierdo

linea :161 , primera columna: 13 ultima columna: 23 , CustomerID: Es un@Identificador

linea :161 , primera columna: 23 ultima columna: 24 , ): Es un@parentesis_derecho

linea :161 , primera columna: 24 ultima columna: 25 , ,: Es un@coma

linea :161 , primera columna: 26 ultima columna: 33 , Country: Es un@Identificador

Token: FROM FROM

linea :162 , primera columna: 5 ultima columna: 14 , Customers: Es un@Identificador

Token: GROUP GROUP

Token: BY BY

linea :163 , primera columna: 9 ultima columna: 16 , Country: Es un@Identificador

Token: HAVING HAVING

Token: COUNT COUNT

linea :164 , primera columna: 12 ultima columna: 13 , (: Es un@parentesis_izquierdo

linea :164 , primera columna: 13 ultima columna: 23 , CustomerID: Es un@Identificador

linea :164 , primera columna: 23 ultima columna: 24 , ): Es un@parentesis_derecho

linea :164 , primera columna: 25 ultima columna: 26 , >: Es un@mayor

linea :164 , primera columna: 27 ultima columna: 28 , 5: Es un@Int

Token: ORDER ORDER

Token: BY BY

Token: COUNT COUNT

linea :165 , primera columna: 14 ultima columna: 15 , (: Es un@parentesis_izquierdo

linea :165 , primera columna: 15 ultima columna: 25 , CustomerID: Es un@Identificador

linea :165 , primera columna: 25 ultima columna: 26 , ): Es un@parentesis_derecho

Token: DESC DESC

linea :165 , primera columna: 31 ultima columna: 32 , ;: Es un@punto_coma

Token: SELECT SELECT

linea :168 , primera columna: 7 ultima columna: 16 , Employees: Es un@Identificador

linea :168 , primera columna: 16 ultima columna: 17 , .: Es un@punto

linea :168 , primera columna: 17 ultima columna: 25 , LastName: Es un@Identificador

linea :168 , primera columna: 25 ultima columna: 26 , ,: Es un@coma

Token: COUNT COUNT

linea :168 , primera columna: 32 ultima columna: 33 , (: Es un@parentesis_izquierdo

linea :168 , primera columna: 33 ultima columna: 39 , Orders: Es un@Identificador

linea :168 , primera columna: 39 ultima columna: 40 , .: Es un@punto

linea :168 , primera columna: 40 ultima columna: 47 , OrderID: Es un@Identificador

linea :168 , primera columna: 47 ultima columna: 48 , ): Es un@parentesis_derecho

Token: AS AS

linea :168 , primera columna: 52 ultima columna: 66 , NumberOfOrders: Es un@Identificador

Token: FROM FROM

linea :169 , primera columna: 5 ultima columna: 11 , Orders: Es un@Identificador

Token: INNER INNER

Token: JOIN JOIN

linea :170 , primera columna: 11 ultima columna: 20 , Employees: Es un@Identificador

Token: ON ON

linea :170 , primera columna: 24 ultima columna: 30 , Orders: Es un@Identificador

linea :170 , primera columna: 30 ultima columna: 31 , .: Es un@punto

linea :170 , primera columna: 31 ultima columna: 41 , EmployeeID: Es un@Identificador

linea :170 , primera columna: 42 ultima columna: 43 , =: Es un@igual

linea :170 , primera columna: 44 ultima columna: 53 , Employees: Es un@Identificador

linea :170 , primera columna: 53 ultima columna: 54 , .: Es un@punto

linea :170 , primera columna: 54 ultima columna: 64 , EmployeeID: Es un@Identificador

Token: GROUP GROUP

Token: BY BY

linea :171 , primera columna: 9 ultima columna: 17 , LastName: Es un@Identificador

Token: HAVING HAVING

Token: COUNT COUNT

linea :172 , primera columna: 12 ultima columna: 13 , (: Es un@parentesis_izquierdo

linea :172 , primera columna: 13 ultima columna: 19 , Orders: Es un@Identificador

linea :172 , primera columna: 19 ultima columna: 20 , .: Es un@punto

linea :172 , primera columna: 20 ultima columna: 27 , OrderID: Es un@Identificador

linea :172 , primera columna: 27 ultima columna: 28 , ): Es un@parentesis_derecho

linea :172 , primera columna: 29 ultima columna: 30 , >: Es un@mayor

linea :172 , primera columna: 31 ultima columna: 33 , 10: Es un@Int

linea :172 , primera columna: 33 ultima columna: 34 , ;: Es un@punto_coma

Token: SELECT SELECT

linea :175 , primera columna: 7 ultima columna: 16 , Employees: Es un@Identificador

linea :175 , primera columna: 16 ultima columna: 17 , .: Es un@punto

linea :175 , primera columna: 17 ultima columna: 25 , LastName: Es un@Identificador

linea :175 , primera columna: 25 ultima columna: 26 , ,: Es un@coma

Token: COUNT COUNT

linea :175 , primera columna: 32 ultima columna: 33 , (: Es un@parentesis_izquierdo

linea :175 , primera columna: 33 ultima columna: 39 , Orders: Es un@Identificador

linea :175 , primera columna: 39 ultima columna: 40 , .: Es un@punto

linea :175 , primera columna: 40 ultima columna: 47 , OrderID: Es un@Identificador

linea :175 , primera columna: 47 ultima columna: 48 , ): Es un@parentesis_derecho

Token: AS AS

linea :175 , primera columna: 52 ultima columna: 66 , NumberOfOrders: Es un@Identificador

Token: FROM FROM

linea :176 , primera columna: 5 ultima columna: 11 , Orders: Es un@Identificador

Token: INNER INNER

Token: JOIN JOIN

linea :177 , primera columna: 11 ultima columna: 20 , Employees: Es un@Identificador

Token: ON ON

linea :177 , primera columna: 24 ultima columna: 30 , Orders: Es un@Identificador

linea :177 , primera columna: 30 ultima columna: 31 , .: Es un@punto

linea :177 , primera columna: 31 ultima columna: 41 , EmployeeID: Es un@Identificador

linea :177 , primera columna: 42 ultima columna: 43 , =: Es un@igual

linea :177 , primera columna: 44 ultima columna: 53 , Employees: Es un@Identificador

linea :177 , primera columna: 53 ultima columna: 54 , .: Es un@punto

linea :177 , primera columna: 54 ultima columna: 64 , EmployeeID: Es un@Identificador

Token: WHERE WHERE

linea :178 , primera columna: 6 ultima columna: 14 , LastName: Es un@Identificador

linea :178 , primera columna: 15 ultima columna: 16 , =: Es un@igual

linea :178 , primera columna: 17 ultima columna: 26 , 'Davolio': Es un@String

Token: OR OR

linea :178 , primera columna: 30 ultima columna: 38 , LastName: Es un@Identificador

linea :178 , primera columna: 39 ultima columna: 40 , =: Es un@igual

linea :178 , primera columna: 41 ultima columna: 49 , 'Fuller': Es un@String

Token: GROUP GROUP

Token: BY BY

linea :179 , primera columna: 9 ultima columna: 17 , LastName: Es un@Identificador

Token: HAVING HAVING

Token: COUNT COUNT

linea :180 , primera columna: 12 ultima columna: 13 , (: Es un@parentesis_izquierdo

linea :180 , primera columna: 13 ultima columna: 19 , Orders: Es un@Identificador

linea :180 , primera columna: 19 ultima columna: 20 , .: Es un@punto

linea :180 , primera columna: 20 ultima columna: 27 , OrderID: Es un@Identificador

linea :180 , primera columna: 27 ultima columna: 28 , ): Es un@parentesis_derecho

linea :180 , primera columna: 29 ultima columna: 30 , >: Es un@mayor

linea :180 , primera columna: 31 ultima columna: 33 , 25: Es un@Int

linea :180 , primera columna: 33 ultima columna: 34 , ;: Es un@punto_coma

Token: SELECT SELECT

Token: COUNT COUNT

linea :182 , primera columna: 12 ultima columna: 13 , (: Es un@parentesis_izquierdo

linea :182 , primera columna: 13 ultima columna: 23 , CustomerID: Es un@Identificador

linea :182 , primera columna: 23 ultima columna: 24 , ): Es un@parentesis_derecho

linea :182 , primera columna: 24 ultima columna: 25 , ,: Es un@coma

linea :182 , primera columna: 26 ultima columna: 33 , Country: Es un@Identificador

Token: FROM FROM

linea :183 , primera columna: 5 ultima columna: 14 , Customers: Es un@Identificador

Token: GROUP GROUP

Token: BY BY

linea :184 , primera columna: 9 ultima columna: 16 , Country: Es un@Identificador

Token: HAVING HAVING

linea :185 , primera columna: 7 ultima columna: 17 , CustomerID: Es un@Identificador

linea :185 , primera columna: 18 ultima columna: 19 , >: Es un@mayor

linea :185 , primera columna: 20 ultima columna: 21 , 5: Es un@Int

Token: ORDER ORDER

Token: BY BY

Token: COUNT COUNT

linea :186 , primera columna: 14 ultima columna: 15 , (: Es un@parentesis_izquierdo

linea :186 , primera columna: 15 ultima columna: 25 , CustomerID: Es un@Identificador

linea :186 , primera columna: 25 ultima columna: 26 , ): Es un@parentesis_derecho

Token: DESC DESC

linea :186 , primera columna: 31 ultima columna: 32 , ;: Es un@punto_coma

Token: INSERT INSERT

linea :189 , primera columna: 7 ultima columna: 15 , Products: Es un@Identificador

linea :189 , primera columna: 16 ultima columna: 17 , (: Es un@parentesis_izquierdo

linea :189 , primera columna: 17 ultima columna: 26 , ProductID: Es un@Identificador

linea :189 , primera columna: 26 ultima columna: 27 , ,: Es un@coma

linea :189 , primera columna: 28 ultima columna: 39 , ProductName: Es un@Identificador

linea :189 , primera columna: 39 ultima columna: 40 , ,: Es un@coma

linea :189 , primera columna: 41 ultima columna: 46 , Price: Es un@Identificador

linea :189 , primera columna: 46 ultima columna: 47 , ): Es un@parentesis_derecho

Token: VALUES VALUES

linea :190 , primera columna: 11 ultima columna: 12 , (: Es un@parentesis_izquierdo

linea :190 , primera columna: 12 ultima columna: 16 , 3000: Es un@Int

linea :190 , primera columna: 16 ultima columna: 17 , ,: Es un@coma

linea :190 , primera columna: 18 ultima columna: 31 , '3mm Bracket': Es un@String

linea :190 , primera columna: 31 ultima columna: 32 , ,: Es un@coma

linea :190 , primera columna: 33 ultima columna: 37 , 0.52: Es un@Float

linea :190 , primera columna: 37 ultima columna: 38 , ): Es un@parentesis_derecho

linea :190 , primera columna: 38 ultima columna: 39 , ;: Es un@punto_coma

Token: INSERT INSERT

Token: INTO INTO

linea :193 , primera columna: 12 ultima columna: 14 , T1: Es un@Identificador

linea :193 , primera columna: 15 ultima columna: 16 , (: Es un@parentesis_izquierdo

linea :193 , primera columna: 16 ultima columna: 20 , dlka: Es un@Identificador

linea :193 , primera columna: 20 ultima columna: 21 , ,: Es un@coma

linea :193 , primera columna: 21 ultima columna: 29 , asdkjadh: Es un@Identificador

linea :193 , primera columna: 29 ultima columna: 30 , ,: Es un@coma

linea :193 , primera columna: 30 ultima columna: 36 , dasjdh: Es un@Identificador

linea :193 , primera columna: 36 ultima columna: 37 , ,: Es un@coma

linea :193 , primera columna: 37 ultima columna: 44 , kjdasdh: Es un@Identificador

linea :193 , primera columna: 44 ultima columna: 45 , ): Es un@parentesis_derecho

Token: DEFAULT DEFAULT

Token: VALUES VALUES

linea :193 , primera columna: 60 ultima columna: 61 , ;: Es un@punto_coma

Token: CREATE CREATE

linea :198 , primera columna: 7 ultima columna: 15 , FUNCTION: Es un@Reservadas

linea :198 , primera columna: 16 ultima columna: 21 , sales: Es un@Identificador

linea :198 , primera columna: 21 ultima columna: 22 , .: Es un@punto

linea :198 , primera columna: 22 ultima columna: 32 , udfNetSale: Es un@Identificador

linea :198 , primera columna: 32 ultima columna: 33 , (: Es un@parentesis_izquierdo

linea :199 , primera columna: 4 ultima columna: 5 , @: Es un@arroba

linea :199 , primera columna: 5 ultima columna: 13 , quantity: Es un@Identificador

Token: INT INT

linea :199 , primera columna: 17 ultima columna: 18 , ,: Es un@coma

linea :200 , primera columna: 4 ultima columna: 5 , @: Es un@arroba

linea :200 , primera columna: 5 ultima columna: 15 , list_price: Es un@Identificador

Token: DECIMAL DECIMAL

linea :200 , primera columna: 23 ultima columna: 24 , (: Es un@parentesis_izquierdo

linea :200 , primera columna: 24 ultima columna: 26 , 10: Es un@Int

linea :200 , primera columna: 26 ultima columna: 27 , ,: Es un@coma

linea :200 , primera columna: 27 ultima columna: 28 , 2: Es un@Int

linea :200 , primera columna: 28 ultima columna: 29 , ): Es un@parentesis_derecho

linea :200 , primera columna: 29 ultima columna: 30 , ,: Es un@coma

linea :201 , primera columna: 4 ultima columna: 5 , @: Es un@arroba

linea :201 , primera columna: 5 ultima columna: 13 , discount: Es un@Identificador

Token: DECIMAL DECIMAL

linea :201 , primera columna: 21 ultima columna: 22 , (: Es un@parentesis_izquierdo

linea :201 , primera columna: 22 ultima columna: 23 , 4: Es un@Int

linea :201 , primera columna: 23 ultima columna: 24 , ,: Es un@coma

linea :201 , primera columna: 24 ultima columna: 25 , 2: Es un@Int

linea :201 , primera columna: 25 ultima columna: 26 , ): Es un@parentesis_derecho

linea :202 , primera columna: 0 ultima columna: 1 , ): Es un@parentesis_derecho

linea :203 , primera columna: 0 ultima columna: 7 , RETURNS: Es un@Identificador

Token: DECIMAL DECIMAL

linea :203 , primera columna: 15 ultima columna: 16 , (: Es un@parentesis_izquierdo

linea :203 , primera columna: 16 ultima columna: 18 , 10: Es un@Int

linea :203 , primera columna: 18 ultima columna: 19 , ,: Es un@coma

linea :203 , primera columna: 19 ultima columna: 20 , 2: Es un@Int

linea :203 , primera columna: 20 ultima columna: 21 , ): Es un@parentesis_derecho

Token: AS AS

linea :205 , primera columna: 0 ultima columna: 5 , BEGIN: Es un@Reservadas

linea :206 , primera columna: 4 ultima columna: 10 , RETURN: Es un@Reservadas

linea :206 , primera columna: 11 ultima columna: 12 , @: Es un@arroba

linea :206 , primera columna: 12 ultima columna: 20 , quantity: Es un@Identificador

linea :206 , primera columna: 21 ultima columna: 22 , *: Es un@multiplicacion

linea :206 , primera columna: 23 ultima columna: 24 , @: Es un@arroba

linea :206 , primera columna: 24 ultima columna: 34 , list_price: Es un@Identificador

linea :206 , primera columna: 35 ultima columna: 36 , *: Es un@multiplicacion

linea :206 , primera columna: 37 ultima columna: 38 , (: Es un@parentesis_izquierdo

linea :206 , primera columna: 38 ultima columna: 39 , 1: Es un@Int

linea :206 , primera columna: 40 ultima columna: 41 , -: Es un@resta

linea :206 , primera columna: 42 ultima columna: 43 , @: Es un@arroba

linea :206 , primera columna: 43 ultima columna: 51 , discount: Es un@Identificador

linea :206 , primera columna: 51 ultima columna: 52 , ): Es un@parentesis_derecho

linea :206 , primera columna: 52 ultima columna: 53 , ;: Es un@punto_coma

Token: END END

linea :207 , primera columna: 3 ultima columna: 4 , ;: Es un@punto_coma

Token: CREATE CREATE

Token: OR OR

Token: ALTER ALTER

linea :210 , primera columna: 16 ultima columna: 24 , FUNCTION: Es un@Reservadas

linea :210 , primera columna: 25 ultima columna: 28 , dbo: Es un@Identificador

linea :210 , primera columna: 28 ultima columna: 29 , .: Es un@punto

linea :210 , primera columna: 29 ultima columna: 44 , ufn_FindReports: Es un@Identificador

linea :210 , primera columna: 45 ultima columna: 46 , (: Es un@parentesis_izquierdo

linea :210 , primera columna: 46 ultima columna: 47 , @: Es un@arroba

linea :210 , primera columna: 47 ultima columna: 54 , InEmpID: Es un@Identificador

Token: INT INT

linea :210 , primera columna: 58 ultima columna: 59 , ): Es un@parentesis_derecho

linea :211 , primera columna: 0 ultima columna: 7 , RETURNS: Es un@Identificador

linea :211 , primera columna: 8 ultima columna: 9 , @: Es un@arroba

linea :211 , primera columna: 9 ultima columna: 23 , retFindReports: Es un@Identificador

Token: TABLE TABLE

linea :212 , primera columna: 0 ultima columna: 1 , (: Es un@parentesis_izquierdo

linea :213 , primera columna: 4 ultima columna: 14 , EmployeeID: Es un@Identificador

Token: INT INT

Token: PRIMARY PRIMARY

Token: KEY KEY

Token: NOT NOT

Token: NULL NULL

linea :213 , primera columna: 39 ultima columna: 40 , ,: Es un@coma

linea :214 , primera columna: 4 ultima columna: 13 , FirstName: Es un@Identificador

Token: VARCHAR VARCHAR

linea :214 , primera columna: 21 ultima columna: 22 , (: Es un@parentesis_izquierdo

linea :214 , primera columna: 22 ultima columna: 25 , 255: Es un@Int

linea :214 , primera columna: 25 ultima columna: 26 , ): Es un@parentesis_derecho

Token: NOT NOT

Token: NULL NULL

linea :214 , primera columna: 35 ultima columna: 36 , ,: Es un@coma

linea :215 , primera columna: 4 ultima columna: 12 , LastName: Es un@Identificador

Token: VARCHAR VARCHAR

linea :215 , primera columna: 20 ultima columna: 21 , (: Es un@parentesis_izquierdo

linea :215 , primera columna: 21 ultima columna: 24 , 255: Es un@Int

linea :215 , primera columna: 24 ultima columna: 25 , ): Es un@parentesis_derecho

Token: NOT NOT

Token: NULL NULL

linea :215 , primera columna: 34 ultima columna: 35 , ,: Es un@coma

linea :216 , primera columna: 4 ultima columna: 12 , JobTitle: Es un@Identificador

Token: VARCHAR VARCHAR

linea :216 , primera columna: 20 ultima columna: 21 , (: Es un@parentesis_izquierdo

linea :216 , primera columna: 21 ultima columna: 23 , 50: Es un@Int

linea :216 , primera columna: 23 ultima columna: 24 , ): Es un@parentesis_derecho

Token: NOT NOT

Token: NULL NULL

linea :216 , primera columna: 33 ultima columna: 34 , ,: Es un@coma

linea :217 , primera columna: 4 ultima columna: 18 , RecursionLevel: Es un@Identificador

Token: INT INT

Token: NOT NOT

Token: NULL NULL

linea :218 , primera columna: 0 ultima columna: 1 , ): Es un@parentesis_derecho

Token: AS AS

linea :222 , primera columna: 0 ultima columna: 5 , BEGIN: Es un@Reservadas

Token: SELECT SELECT

linea :225 , primera columna: 15 ultima columna: 16 , e: Es un@Identificador

linea :225 , primera columna: 16 ultima columna: 17 , .: Es un@punto

linea :225 , primera columna: 17 ultima columna: 33 , BusinessEntityID: Es un@Identificador

linea :225 , primera columna: 33 ultima columna: 34 , ,: Es un@coma

linea :225 , primera columna: 35 ultima columna: 36 , e: Es un@Identificador

linea :225 , primera columna: 36 ultima columna: 37 , .: Es un@punto

linea :225 , primera columna: 37 ultima columna: 53 , OrganizationNode: Es un@Identificador

linea :225 , primera columna: 53 ultima columna: 54 , ,: Es un@coma

linea :225 , primera columna: 55 ultima columna: 56 , p: Es un@Identificador

linea :225 , primera columna: 56 ultima columna: 57 , .: Es un@punto

linea :225 , primera columna: 57 ultima columna: 66 , FirstName: Es un@Identificador

linea :225 , primera columna: 66 ultima columna: 67 , ,: Es un@coma

linea :225 , primera columna: 68 ultima columna: 69 , p: Es un@Identificador

linea :225 , primera columna: 69 ultima columna: 70 , .: Es un@punto

linea :225 , primera columna: 70 ultima columna: 78 , LastName: Es un@Identificador

linea :225 , primera columna: 78 ultima columna: 79 , ,: Es un@coma

linea :225 , primera columna: 80 ultima columna: 81 , e: Es un@Identificador

linea :225 , primera columna: 81 ultima columna: 82 , .: Es un@punto

linea :225 , primera columna: 82 ultima columna: 90 , JobTitle: Es un@Identificador

linea :225 , primera columna: 90 ultima columna: 91 , ,: Es un@coma

linea :225 , primera columna: 92 ultima columna: 93 , 0: Es un@Int

Token: FROM FROM

linea :226 , primera columna: 13 ultima columna: 27 , HumanResources: Es un@Identificador

linea :226 , primera columna: 27 ultima columna: 28 , .: Es un@punto

linea :226 , primera columna: 28 ultima columna: 36 , Employee: Es un@Identificador

linea :226 , primera columna: 37 ultima columna: 38 , e: Es un@Identificador

Token: INNER INNER

Token: JOIN JOIN

linea :227 , primera columna: 11 ultima columna: 17 , Person: Es un@Identificador

linea :227 , primera columna: 17 ultima columna: 18 , .: Es un@punto

linea :227 , primera columna: 18 ultima columna: 24 , Person: Es un@Identificador

linea :227 , primera columna: 25 ultima columna: 26 , p: Es un@Identificador

Token: ON ON

linea :228 , primera columna: 3 ultima columna: 4 , p: Es un@Identificador

linea :228 , primera columna: 4 ultima columna: 5 , .: Es un@punto

linea :228 , primera columna: 5 ultima columna: 21 , BusinessEntityID: Es un@Identificador

linea :228 , primera columna: 22 ultima columna: 23 , =: Es un@igual

linea :228 , primera columna: 24 ultima columna: 25 , e: Es un@Identificador

linea :228 , primera columna: 25 ultima columna: 26 , .: Es un@punto

linea :228 , primera columna: 26 ultima columna: 42 , BusinessEntityID: Es un@Identificador

linea :228 , primera columna: 42 ultima columna: 43 , ;: Es un@punto_coma

Token: SELECT SELECT

linea :230 , primera columna: 15 ultima columna: 16 , e: Es un@Identificador

linea :230 , primera columna: 16 ultima columna: 17 , .: Es un@punto

linea :230 , primera columna: 17 ultima columna: 33 , BusinessEntityID: Es un@Identificador

linea :230 , primera columna: 33 ultima columna: 34 , ,: Es un@coma

linea :230 , primera columna: 35 ultima columna: 36 , e: Es un@Identificador

linea :230 , primera columna: 36 ultima columna: 37 , .: Es un@punto

linea :230 , primera columna: 37 ultima columna: 53 , OrganizationNode: Es un@Identificador

linea :230 , primera columna: 53 ultima columna: 54 , ,: Es un@coma

linea :230 , primera columna: 55 ultima columna: 56 , p: Es un@Identificador

linea :230 , primera columna: 56 ultima columna: 57 , .: Es un@punto

linea :230 , primera columna: 57 ultima columna: 66 , FirstName: Es un@Identificador

linea :230 , primera columna: 66 ultima columna: 67 , ,: Es un@coma

linea :230 , primera columna: 68 ultima columna: 69 , p: Es un@Identificador

linea :230 , primera columna: 69 ultima columna: 70 , .: Es un@punto

linea :230 , primera columna: 70 ultima columna: 78 , LastName: Es un@Identificador

linea :230 , primera columna: 78 ultima columna: 79 , ,: Es un@coma

linea :230 , primera columna: 80 ultima columna: 81 , e: Es un@Identificador

linea :230 , primera columna: 81 ultima columna: 82 , .: Es un@punto

linea :230 , primera columna: 82 ultima columna: 90 , JobTitle: Es un@Identificador

linea :230 , primera columna: 90 ultima columna: 91 , ,: Es un@coma

linea :230 , primera columna: 92 ultima columna: 106 , RecursionLevel: Es un@Identificador

linea :230 , primera columna: 107 ultima columna: 108 , +: Es un@suma

linea :230 , primera columna: 109 ultima columna: 110 , 1: Es un@Int

Token: FROM FROM

linea :231 , primera columna: 13 ultima columna: 27 , HumanResources: Es un@Identificador

linea :231 , primera columna: 27 ultima columna: 28 , .: Es un@punto

linea :231 , primera columna: 28 ultima columna: 36 , Employee: Es un@Identificador

linea :231 , primera columna: 37 ultima columna: 38 , e: Es un@Identificador

Token: INNER INNER

Token: JOIN JOIN

linea :232 , primera columna: 23 ultima columna: 30 , EMP_cte: Es un@Identificador

Token: ON ON

linea :233 , primera columna: 15 ultima columna: 16 , e: Es un@Identificador

linea :233 , primera columna: 16 ultima columna: 17 , .: Es un@punto

linea :233 , primera columna: 17 ultima columna: 33 , OrganizationNode: Es un@Identificador

linea :233 , primera columna: 33 ultima columna: 34 , .: Es un@punto

linea :233 , primera columna: 34 ultima columna: 45 , GetAncestor: Es un@Identificador

linea :233 , primera columna: 46 ultima columna: 47 , =: Es un@igual

linea :233 , primera columna: 48 ultima columna: 55 , EMP_cte: Es un@Identificador

linea :233 , primera columna: 55 ultima columna: 56 , .: Es un@punto

linea :233 , primera columna: 56 ultima columna: 72 , OrganizationNode: Es un@Identificador

Token: INNER INNER

Token: JOIN JOIN

linea :234 , primera columna: 11 ultima columna: 17 , Person: Es un@Identificador

linea :234 , primera columna: 17 ultima columna: 18 , .: Es un@punto

linea :234 , primera columna: 18 ultima columna: 24 , Person: Es un@Identificador

linea :234 , primera columna: 25 ultima columna: 26 , p: Es un@Identificador

Token: ON ON

linea :235 , primera columna: 3 ultima columna: 4 , p: Es un@Identificador

linea :235 , primera columna: 4 ultima columna: 5 , .: Es un@punto

linea :235 , primera columna: 5 ultima columna: 21 , BusinessEntityID: Es un@Identificador

linea :235 , primera columna: 22 ultima columna: 23 , =: Es un@igual

linea :235 , primera columna: 24 ultima columna: 25 , e: Es un@Identificador

linea :235 , primera columna: 25 ultima columna: 26 , .: Es un@punto

linea :235 , primera columna: 26 ultima columna: 42 , BusinessEntityID: Es un@Identificador

linea :235 , primera columna: 43 ultima columna: 44 , ;: Es un@punto_coma

linea :238 , primera columna: 3 ultima columna: 9 , RETURN: Es un@Reservadas

linea :238 , primera columna: 11 ultima columna: 12 , 1: Es un@Int

linea :238 , primera columna: 12 ultima columna: 13 , ;: Es un@punto_coma

Token: END END

linea :239 , primera columna: 3 ultima columna: 4 , ;: Es un@punto_coma

Token: CREATE CREATE

linea :242 , primera columna: 7 ultima columna: 15 , FUNCTION: Es un@Reservadas

linea :242 , primera columna: 16 ultima columna: 21 , Sales: Es un@Identificador

linea :242 , primera columna: 21 ultima columna: 22 , .: Es un@punto

linea :242 , primera columna: 22 ultima columna: 38 , ufn_SalesByStore: Es un@Identificador

linea :242 , primera columna: 39 ultima columna: 40 , (: Es un@parentesis_izquierdo

linea :242 , primera columna: 40 ultima columna: 41 , @: Es un@arroba

linea :242 , primera columna: 41 ultima columna: 48 , storeid: Es un@Identificador

Token: INT INT

linea :242 , primera columna: 52 ultima columna: 53 , ): Es un@parentesis_derecho

linea :243 , primera columna: 0 ultima columna: 7 , RETURNS: Es un@Identificador

Token: TABLE TABLE

Token: AS AS

linea :245 , primera columna: 0 ultima columna: 5 , BEGIN: Es un@Reservadas

linea :246 , primera columna: 0 ultima columna: 6 , RETURN: Es un@Reservadas

linea :246 , primera columna: 7 ultima columna: 8 , @: Es un@arroba

linea :246 , primera columna: 8 ultima columna: 15 , storeid: Es un@Identificador

linea :246 , primera columna: 15 ultima columna: 16 , ;: Es un@punto_coma

Token: END END

Token: GO GO

linea :250 , primera columna: 0 ultima columna: 5 , BEGIN: Es un@Reservadas

Token: TRANSACTION TRANSACTION

linea :250 , primera columna: 17 ultima columna: 18 , ;: Es un@punto_coma

Token: DELETE DELETE

Token: FROM FROM

linea :251 , primera columna: 12 ultima columna: 26 , HumanResources: Es un@Identificador

linea :251 , primera columna: 26 ultima columna: 27 , .: Es un@punto

linea :251 , primera columna: 27 ultima columna: 39 , JobCandidate: Es un@Identificador

Token: WHERE WHERE

linea :252 , primera columna: 10 ultima columna: 24 , JobCandidateID: Es un@Identificador

linea :252 , primera columna: 25 ultima columna: 26 , =: Es un@igual

linea :252 , primera columna: 27 ultima columna: 29 , 13: Es un@Int

linea :252 , primera columna: 29 ultima columna: 30 , ;: Es un@punto_coma

linea :253 , primera columna: 0 ultima columna: 6 , COMMIT: Es un@Reservadas

linea :253 , primera columna: 6 ultima columna: 7 , ;: Es un@punto_coma

Token: CREATE CREATE

Token: TABLE TABLE

linea :255 , primera columna: 13 ultima columna: 23 , ValueTable: Es un@Identificador

linea :255 , primera columna: 24 ultima columna: 25 , (: Es un@parentesis_izquierdo

linea :255 , primera columna: 25 ultima columna: 27 , id: Es un@Identificador

Token: INT INT

linea :255 , primera columna: 31 ultima columna: 32 , ): Es un@parentesis_derecho

linea :255 , primera columna: 32 ultima columna: 33 , ;: Es un@punto_coma

linea :256 , primera columna: 0 ultima columna: 5 , BEGIN: Es un@Reservadas

Token: TRANSACTION TRANSACTION

linea :256 , primera columna: 17 ultima columna: 18 , ;: Es un@punto_coma

Token: INSERT INSERT

Token: INTO INTO

linea :257 , primera columna: 19 ultima columna: 29 , ValueTable: Es un@Identificador

Token: VALUES VALUES

linea :257 , primera columna: 36 ultima columna: 37 , (: Es un@parentesis_izquierdo

linea :257 , primera columna: 37 ultima columna: 38 , 1: Es un@Int

linea :257 , primera columna: 38 ultima columna: 39 , ): Es un@parentesis_derecho

linea :257 , primera columna: 39 ultima columna: 40 , ;: Es un@punto_coma

Token: INSERT INSERT

Token: INTO INTO

linea :258 , primera columna: 19 ultima columna: 29 , ValueTable: Es un@Identificador

Token: VALUES VALUES

linea :258 , primera columna: 36 ultima columna: 37 , (: Es un@parentesis_izquierdo

linea :258 , primera columna: 37 ultima columna: 38 , 2: Es un@Int

linea :258 , primera columna: 38 ultima columna: 39 , ): Es un@parentesis_derecho

linea :258 , primera columna: 39 ultima columna: 40 , ;: Es un@punto_coma

linea :259 , primera columna: 1 ultima columna: 9 , ROLLBACK: Es un@Reservadas

linea :259 , primera columna: 9 ultima columna: 10 , ;: Es un@punto_coma

Token: CREATE CREATE

Token: PROCEDURE PROCEDURE

linea :260 , primera columna: 17 ultima columna: 31 , HumanResources: Es un@Identificador

linea :260 , primera columna: 31 ultima columna: 32 , .: Es un@punto

linea :260 , primera columna: 32 ultima columna: 52 , uspGetEmployeesTest2: Es un@Identificador

linea :261 , primera columna: 4 ultima columna: 5 , @: Es un@arroba

linea :261 , primera columna: 5 ultima columna: 13 , LastName: Es un@Identificador

Token: VARCHAR VARCHAR

linea :261 , primera columna: 21 ultima columna: 22 , (: Es un@parentesis_izquierdo

linea :261 , primera columna: 22 ultima columna: 24 , 50: Es un@Int

linea :261 , primera columna: 24 ultima columna: 25 , ): Es un@parentesis_derecho

linea :261 , primera columna: 25 ultima columna: 26 , ,: Es un@coma

linea :262 , primera columna: 4 ultima columna: 5 , @: Es un@arroba

linea :262 , primera columna: 5 ultima columna: 14 , FirstName: Es un@Identificador

Token: VARCHAR VARCHAR

linea :262 , primera columna: 22 ultima columna: 23 , (: Es un@parentesis_izquierdo

linea :262 , primera columna: 23 ultima columna: 25 , 50: Es un@Int

linea :262 , primera columna: 25 ultima columna: 26 , ): Es un@parentesis_derecho

Token: AS AS

Token: SET SET

linea :265 , primera columna: 8 ultima columna: 15 , NOCOUNT: Es un@Identificador

Token: ON ON

linea :265 , primera columna: 18 ultima columna: 19 , ;: Es un@punto_coma

Token: SELECT SELECT

linea :266 , primera columna: 11 ultima columna: 20 , FirstName: Es un@Identificador

linea :266 , primera columna: 20 ultima columna: 21 , ,: Es un@coma

linea :266 , primera columna: 22 ultima columna: 30 , LastName: Es un@Identificador

linea :266 , primera columna: 30 ultima columna: 31 , ,: Es un@coma

linea :266 , primera columna: 32 ultima columna: 42 , Department: Es un@Identificador

Token: FROM FROM

linea :267 , primera columna: 9 ultima columna: 23 , HumanResources: Es un@Identificador

linea :267 , primera columna: 23 ultima columna: 24 , .: Es un@punto

linea :267 , primera columna: 24 ultima columna: 50 , vEmployeeDepartmentHistory: Es un@Identificador

Token: WHERE WHERE

linea :268 , primera columna: 10 ultima columna: 19 , FirstName: Es un@Identificador

linea :268 , primera columna: 20 ultima columna: 21 , =: Es un@igual

linea :268 , primera columna: 22 ultima columna: 23 , @: Es un@arroba

linea :268 , primera columna: 23 ultima columna: 32 , FirstName: Es un@Identificador

Token: AND AND

linea :268 , primera columna: 37 ultima columna: 45 , LastName: Es un@Identificador

linea :268 , primera columna: 46 ultima columna: 47 , =: Es un@igual

linea :268 , primera columna: 48 ultima columna: 49 , @: Es un@arroba

linea :268 , primera columna: 49 ultima columna: 57 , LastName: Es un@Identificador

Token: AND AND

linea :269 , primera columna: 8 ultima columna: 15 , EndDate: Es un@Identificador

Token: IS IS

Token: NULL NULL

linea :269 , primera columna: 23 ultima columna: 24 , ;: Es un@punto_coma

Token: GO GO

Token: CREATE CREATE

Token: PROCEDURE PROCEDURE

linea :273 , primera columna: 17 ultima columna: 35 , SelectAllCustomers: Es un@Identificador

linea :273 , primera columna: 36 ultima columna: 37 , @: Es un@arroba

linea :273 , primera columna: 37 ultima columna: 41 , City: Es un@Identificador

Token: VARCHAR VARCHAR

linea :273 , primera columna: 49 ultima columna: 50 , (: Es un@parentesis_izquierdo

linea :273 , primera columna: 50 ultima columna: 52 , 30: Es un@Int

linea :273 , primera columna: 52 ultima columna: 53 , ): Es un@parentesis_derecho

linea :273 , primera columna: 53 ultima columna: 54 , ,: Es un@coma

linea :273 , primera columna: 55 ultima columna: 56 , @: Es un@arroba

linea :273 , primera columna: 56 ultima columna: 66 , PostalCode: Es un@Identificador

Token: VARCHAR VARCHAR

linea :273 , primera columna: 74 ultima columna: 75 , (: Es un@parentesis_izquierdo

linea :273 , primera columna: 75 ultima columna: 77 , 10: Es un@Int

linea :273 , primera columna: 77 ultima columna: 78 , ): Es un@parentesis_derecho

Token: AS AS

Token: SELECT SELECT

linea :275 , primera columna: 7 ultima columna: 8 , *: Es un@multiplicacion

Token: FROM FROM

linea :275 , primera columna: 14 ultima columna: 23 , Customers: Es un@Identificador

Token: WHERE WHERE

linea :275 , primera columna: 30 ultima columna: 34 , City: Es un@Identificador

linea :275 , primera columna: 35 ultima columna: 36 , =: Es un@igual

linea :275 , primera columna: 37 ultima columna: 38 , @: Es un@arroba

linea :275 , primera columna: 38 ultima columna: 42 , City: Es un@Identificador

Token: AND AND

linea :275 , primera columna: 47 ultima columna: 57 , PostalCode: Es un@Identificador

linea :275 , primera columna: 58 ultima columna: 59 , =: Es un@igual

linea :275 , primera columna: 60 ultima columna: 61 , @: Es un@arroba

linea :275 , primera columna: 61 ultima columna: 71 , PostalCode: Es un@Identificador

linea :275 , primera columna: 71 ultima columna: 72 , ;: Es un@punto_coma

Token: GO GO

Token: CREATE CREATE

Token: PROCEDURE PROCEDURE

linea :279 , primera columna: 17 ultima columna: 25 , FindSite: Es un@Identificador

linea :280 , primera columna: 2 ultima columna: 3 , @: Es un@arroba

linea :280 , primera columna: 3 ultima columna: 12 , site_name: Es un@Identificador

Token: VARCHAR VARCHAR

linea :280 , primera columna: 20 ultima columna: 21 , (: Es un@parentesis_izquierdo

linea :280 , primera columna: 21 ultima columna: 23 , 50: Es un@Int

linea :280 , primera columna: 23 ultima columna: 24 , ): Es un@parentesis_derecho

linea :280 , primera columna: 25 ultima columna: 28 , OUT: Es un@Identificador

Token: AS AS

linea :284 , primera columna: 0 ultima columna: 5 , BEGIN: Es un@Reservadas

Token: DECLARE DECLARE

linea :286 , primera columna: 11 ultima columna: 12 , @: Es un@arroba

linea :286 , primera columna: 12 ultima columna: 19 , site_id: Es un@Identificador

Token: INT INT

linea :286 , primera columna: 23 ultima columna: 24 , ;: Es un@punto_coma

Token: SET SET

linea :288 , primera columna: 7 ultima columna: 8 , @: Es un@arroba

linea :288 , primera columna: 8 ultima columna: 15 , site_id: Es un@Identificador

linea :288 , primera columna: 16 ultima columna: 17 , =: Es un@igual

linea :288 , primera columna: 18 ultima columna: 19 , 8: Es un@Int

linea :288 , primera columna: 19 ultima columna: 20 , ;: Es un@punto_coma

Token: SET SET

linea :291 , primera columna: 10 ultima columna: 11 , @: Es un@arroba

linea :291 , primera columna: 11 ultima columna: 20 , site_name: Es un@Identificador

linea :291 , primera columna: 21 ultima columna: 22 , =: Es un@igual

linea :291 , primera columna: 23 ultima columna: 41 , 'TechOnTheNet.com': Es un@String

linea :291 , primera columna: 41 ultima columna: 42 , ;: Es un@punto_coma

Token: SET SET

linea :293 , primera columna: 10 ultima columna: 11 , @: Es un@arroba

linea :293 , primera columna: 11 ultima columna: 20 , site_name: Es un@Identificador

linea :293 , primera columna: 21 ultima columna: 22 , =: Es un@igual

linea :293 , primera columna: 23 ultima columna: 42 , 'CheckYourMath.com': Es un@String

linea :293 , primera columna: 42 ultima columna: 43 , ;: Es un@punto_coma

linea :295 , primera columna: 0 ultima columna: 1 , ;: Es un@punto_coma

linea :297 , primera columna: 0 ultima columna: 7 , EXECUTE: Es un@Reservadas

linea :297 , primera columna: 8 ultima columna: 22 , HumanResources: Es un@Identificador

linea :297 , primera columna: 22 ultima columna: 23 , .: Es un@punto

linea :297 , primera columna: 23 ultima columna: 43 , uspGetEmployeesTest2: Es un@Identificador

linea :297 , primera columna: 44 ultima columna: 54 , 'Ackerman': Es un@String

linea :297 , primera columna: 54 ultima columna: 55 , ,: Es un@coma

linea :297 , primera columna: 56 ultima columna: 63 , 'Pilar': Es un@String

linea :297 , primera columna: 63 ultima columna: 64 , ;: Es un@punto_coma

Token: EXEC EXEC

linea :298 , primera columna: 5 ultima columna: 19 , HumanResources: Es un@Identificador

linea :298 , primera columna: 19 ultima columna: 20 , .: Es un@punto

linea :298 , primera columna: 20 ultima columna: 40 , uspGetEmployeesTest2: Es un@Identificador

linea :298 , primera columna: 41 ultima columna: 42 , @: Es un@arroba

linea :298 , primera columna: 42 ultima columna: 50 , LastName: Es un@Identificador

linea :298 , primera columna: 51 ultima columna: 52 , =: Es un@igual

linea :298 , primera columna: 53 ultima columna: 63 , 'Ackerman': Es un@String

linea :298 , primera columna: 63 ultima columna: 64 , ,: Es un@coma

linea :298 , primera columna: 65 ultima columna: 66 , @: Es un@arroba

linea :298 , primera columna: 66 ultima columna: 75 , FirstName: Es un@Identificador

linea :298 , primera columna: 76 ultima columna: 77 , =: Es un@igual

linea :298 , primera columna: 78 ultima columna: 85 , 'Pilar': Es un@String

linea :298 , primera columna: 85 ultima columna: 86 , ;: Es un@punto_coma

Token: DECLARE DECLARE

linea :302 , primera columna: 8 ultima columna: 9 , @: Es un@arroba

linea :302 , primera columna: 9 ultima columna: 17 , TranName: Es un@Identificador

Token: VARCHAR VARCHAR

linea :302 , primera columna: 25 ultima columna: 26 , (: Es un@parentesis_izquierdo

linea :302 , primera columna: 26 ultima columna: 28 , 20: Es un@Int

linea :302 , primera columna: 28 ultima columna: 29 , ): Es un@parentesis_derecho

linea :302 , primera columna: 29 ultima columna: 30 , ;: Es un@punto_coma

linea :305 , primera columna: 0 ultima columna: 5 , BEGIN: Es un@Reservadas

Token: TRANSACTION TRANSACTION

linea :305 , primera columna: 18 ultima columna: 19 , @: Es un@arroba

linea :305 , primera columna: 19 ultima columna: 27 , TranName: Es un@Identificador

linea :305 , primera columna: 27 ultima columna: 28 , ;: Es un@punto_coma

Token: DELETE DELETE

Token: FROM FROM

linea :307 , primera columna: 12 ultima columna: 30 , AdventureWorks2012: Es un@Identificador

linea :307 , primera columna: 30 ultima columna: 31 , .: Es un@punto

linea :307 , primera columna: 31 ultima columna: 45 , HumanResources: Es un@Identificador

linea :307 , primera columna: 45 ultima columna: 46 , .: Es un@punto

linea :307 , primera columna: 46 ultima columna: 58 , JobCandidate: Es un@Identificador

Token: WHERE WHERE

linea :308 , primera columna: 10 ultima columna: 24 , JobCandidateID: Es un@Identificador

linea :308 , primera columna: 25 ultima columna: 26 , =: Es un@igual

linea :308 , primera columna: 27 ultima columna: 29 , 13: Es un@Int

linea :308 , primera columna: 29 ultima columna: 30 , ;: Es un@punto_coma

linea :310 , primera columna: 0 ultima columna: 6 , COMMIT: Es un@Reservadas

Token: TRANSACTION TRANSACTION

linea :310 , primera columna: 19 ultima columna: 20 , @: Es un@arroba

linea :310 , primera columna: 20 ultima columna: 28 , TranName: Es un@Identificador

linea :310 , primera columna: 28 ultima columna: 29 , ;: Es un@punto_coma

Token: DECLARE DECLARE

linea :314 , primera columna: 8 ultima columna: 22 , product_cursor: Es un@Identificador

linea :314 , primera columna: 23 ultima columna: 29 , CURSOR: Es un@Reservadas

Token: FOR FOR

Token: SELECT SELECT

linea :315 , primera columna: 11 ultima columna: 12 , v: Es un@Identificador

linea :315 , primera columna: 12 ultima columna: 13 , .: Es un@punto

linea :315 , primera columna: 13 ultima columna: 17 , Name: Es un@Identificador

Token: FROM FROM

linea :316 , primera columna: 9 ultima columna: 19 , Purchasing: Es un@Identificador

linea :316 , primera columna: 19 ultima columna: 20 , .: Es un@punto

linea :316 , primera columna: 20 ultima columna: 33 , ProductVendor: Es un@Identificador

linea :316 , primera columna: 34 ultima columna: 36 , pv: Es un@Identificador

linea :316 , primera columna: 36 ultima columna: 37 , ,: Es un@coma

linea :316 , primera columna: 38 ultima columna: 48 , Production: Es un@Identificador

linea :316 , primera columna: 48 ultima columna: 49 , .: Es un@punto

linea :316 , primera columna: 49 ultima columna: 56 , Product: Es un@Identificador

linea :316 , primera columna: 57 ultima columna: 58 , v: Es un@Identificador

Token: WHERE WHERE

linea :317 , primera columna: 10 ultima columna: 12 , pv: Es un@Identificador

linea :317 , primera columna: 12 ultima columna: 13 , .: Es un@punto

linea :317 , primera columna: 13 ultima columna: 22 , ProductID: Es un@Identificador

linea :317 , primera columna: 23 ultima columna: 24 , =: Es un@igual

linea :317 , primera columna: 25 ultima columna: 26 , v: Es un@Identificador

linea :317 , primera columna: 26 ultima columna: 27 , .: Es un@punto

linea :317 , primera columna: 27 ultima columna: 36 , ProductID: Es un@Identificador

Token: AND AND

linea :318 , primera columna: 4 ultima columna: 6 , pv: Es un@Identificador

linea :318 , primera columna: 6 ultima columna: 7 , .: Es un@punto

linea :318 , primera columna: 7 ultima columna: 15 , VendorID: Es un@Identificador

linea :318 , primera columna: 16 ultima columna: 17 , =: Es un@igual

linea :318 , primera columna: 18 ultima columna: 19 , @: Es un@arroba

linea :318 , primera columna: 19 ultima columna: 28 , vendor_id: Es un@Identificador

linea :320 , primera columna: 4 ultima columna: 8 , OPEN: Es un@Reservadas

linea :320 , primera columna: 9 ultima columna: 23 , product_cursor: Es un@Identificador

Token: FETCH FETCH

linea :321 , primera columna: 10 ultima columna: 14 , NEXT: Es un@Reservadas

Token: FROM FROM

linea :321 , primera columna: 20 ultima columna: 34 , product_cursor: Es un@Identificador

Token: INTO INTO

linea :321 , primera columna: 40 ultima columna: 41 , @: Es un@arroba

linea :321 , primera columna: 41 ultima columna: 48 , product: Es un@Identificador

linea :321 , primera columna: 48 ultima columna: 49 , ;: Es un@punto_coma

Token: DECLARE DECLARE

linea :324 , primera columna: 12 ultima columna: 23 , vend_cursor: Es un@Identificador

linea :324 , primera columna: 24 ultima columna: 30 , CURSOR: Es un@Reservadas

Token: FOR FOR

Token: SELECT SELECT

linea :325 , primera columna: 15 ultima columna: 16 , *: Es un@multiplicacion

Token: FROM FROM

linea :325 , primera columna: 22 ultima columna: 32 , Purchasing: Es un@Identificador

linea :325 , primera columna: 32 ultima columna: 33 , .: Es un@punto

linea :325 , primera columna: 33 ultima columna: 39 , Vendor: Es un@Identificador

linea :326 , primera columna: 0 ultima columna: 4 , OPEN: Es un@Reservadas

linea :326 , primera columna: 5 ultima columna: 16 , vend_cursor: Es un@Identificador

Token: FETCH FETCH

linea :327 , primera columna: 6 ultima columna: 10 , NEXT: Es un@Reservadas

Token: FROM FROM

linea :327 , primera columna: 16 ultima columna: 27 , vend_cursor: Es un@Identificador

linea :327 , primera columna: 27 ultima columna: 28 , ;: Es un@punto_coma

Token: SELECT SELECT

linea :330 , primera columna: 7 ultima columna: 12 , Sales: Es un@Identificador

linea :330 , primera columna: 12 ultima columna: 13 , .: Es un@punto

linea :330 , primera columna: 13 ultima columna: 29 , ufn_SalesByStore: Es un@Identificador

linea :330 , primera columna: 29 ultima columna: 30 , (: Es un@parentesis_izquierdo

linea :330 , primera columna: 30 ultima columna: 31 , 5: Es un@Int

linea :330 , primera columna: 31 ultima columna: 32 , ): Es un@parentesis_derecho

Token: FROM FROM

linea :330 , primera columna: 38 ultima columna: 43 , dasda: Es un@Identificador

linea :330 , primera columna: 43 ultima columna: 44 , ;: Es un@punto_coma

Token: DROP DROP

linea :333 , primera columna: 5 ultima columna: 13 , FUNCTION: Es un@Reservadas

linea :333 , primera columna: 14 ultima columna: 19 , sales: Es un@Identificador

linea :333 , primera columna: 19 ultima columna: 20 , .: Es un@punto

linea :333 , primera columna: 20 ultima columna: 30 , udfNetSale: Es un@Identificador

linea :333 , primera columna: 30 ultima columna: 31 , ;: Es un@punto_coma

Token: DROP DROP

Token: PROCEDURE PROCEDURE

linea :335 , primera columna: 15 ultima columna: 23 , FindSite: Es un@Identificador

linea :335 , primera columna: 23 ultima columna: 24 , ;: Es un@punto_coma

FIN