Token: ALTER ALTER

Token: VIEW VIEW

linea :0 , primera columna: 11 ultima columna: 25 , HumanResources: Es un@Identificador

linea :0 , primera columna: 25 ultima columna: 26 , .: Es un@punto

linea :0 , primera columna: 26 ultima columna: 42 , EmployeeHireDate: Es un@Identificador

Token: AS AS

Token: SELECT SELECT

linea :2 , primera columna: 7 ultima columna: 8 , p: Es un@Identificador

linea :2 , primera columna: 8 ultima columna: 9 , .: Es un@punto

linea :2 , primera columna: 9 ultima columna: 18 , FirstName: Es un@Identificador

linea :2 , primera columna: 18 ultima columna: 19 , ,: Es un@coma

linea :2 , primera columna: 20 ultima columna: 21 , p: Es un@Identificador

linea :2 , primera columna: 21 ultima columna: 22 , .: Es un@punto

linea :2 , primera columna: 22 ultima columna: 30 , LastName: Es un@Identificador

linea :2 , primera columna: 30 ultima columna: 31 , ,: Es un@coma

linea :2 , primera columna: 32 ultima columna: 33 , e: Es un@Identificador

linea :2 , primera columna: 33 ultima columna: 34 , .: Es un@punto

linea :2 , primera columna: 34 ultima columna: 42 , HireDate: Es un@Identificador

Token: FROM FROM

linea :3 , primera columna: 5 ultima columna: 19 , HumanResources: Es un@Identificador

linea :3 , primera columna: 19 ultima columna: 20 , .: Es un@punto

linea :3 , primera columna: 20 ultima columna: 28 , Employee: Es un@Identificador

Token: AS AS

linea :3 , primera columna: 32 ultima columna: 33 , e: Es un@Identificador

Token: JOIN JOIN

linea :3 , primera columna: 39 ultima columna: 45 , Person: Es un@Identificador

linea :3 , primera columna: 45 ultima columna: 46 , .: Es un@punto

linea :3 , primera columna: 46 ultima columna: 52 , Person: Es un@Identificador

Token: AS AS

linea :3 , primera columna: 56 ultima columna: 57 , p: Es un@Identificador

Token: ON ON

linea :4 , primera columna: 3 ultima columna: 4 , e: Es un@Identificador

linea :4 , primera columna: 4 ultima columna: 5 , .: Es un@punto

linea :4 , primera columna: 5 ultima columna: 21 , BusinessEntityID: Es un@Identificador

linea :4 , primera columna: 23 ultima columna: 24 , p: Es un@Identificador

linea :4 , primera columna: 24 ultima columna: 25 , .: Es un@punto

linea :4 , primera columna: 25 ultima columna: 41 , BusinessEntityID: Es un@Identificador

Token: WHERE WHERE

linea :5 , primera columna: 6 ultima columna: 14 , HireDate: Es un@Identificador

linea :5 , primera columna: 15 ultima columna: 16 , <: Es un@menor

linea :5 , primera columna: 17 ultima columna: 21 , 2019: Es un@Int

linea :5 , primera columna: 21 ultima columna: 22 , ;: Es un@punto_coma

Token: GO GO

Token: SELECT SELECT

linea :8 , primera columna: 7 ultima columna: 8 , p: Es un@Identificador

linea :8 , primera columna: 8 ultima columna: 9 , .: Es un@punto

linea :8 , primera columna: 9 ultima columna: 13 , Name: Es un@Identificador

Token: AS AS

linea :8 , primera columna: 17 ultima columna: 28 , ProductName: Es un@Identificador

Token: FROM FROM

linea :9 , primera columna: 5 ultima columna: 15 , Production: Es un@Identificador

linea :9 , primera columna: 15 ultima columna: 16 , .: Es un@punto

linea :9 , primera columna: 16 ultima columna: 23 , Product: Es un@Identificador

Token: AS AS

linea :9 , primera columna: 27 ultima columna: 28 , p: Es un@Identificador

Token: INNER INNER

Token: JOIN JOIN

linea :10 , primera columna: 11 ultima columna: 16 , Sales: Es un@Identificador

linea :10 , primera columna: 16 ultima columna: 17 , .: Es un@punto

linea :10 , primera columna: 17 ultima columna: 33 , SalesOrderDetail: Es un@Identificador

Token: AS AS

linea :10 , primera columna: 37 ultima columna: 40 , sod: Es un@Identificador

Token: ON ON

linea :11 , primera columna: 3 ultima columna: 4 , p: Es un@Identificador

linea :11 , primera columna: 4 ultima columna: 5 , .: Es un@punto

linea :11 , primera columna: 5 ultima columna: 14 , ProductID: Es un@Identificador

linea :11 , primera columna: 15 ultima columna: 16 , =: Es un@igual

linea :11 , primera columna: 17 ultima columna: 20 , sod: Es un@Identificador

linea :11 , primera columna: 20 ultima columna: 21 , .: Es un@punto

linea :11 , primera columna: 21 ultima columna: 30 , ProductID: Es un@Identificador

Token: ORDER ORDER

Token: BY BY

linea :12 , primera columna: 9 ultima columna: 20 , ProductName: Es un@Identificador

Token: DESC DESC

linea :12 , primera columna: 25 ultima columna: 26 , ;: Es un@punto_coma

Token: CREATE CREATE

Token: NONCLUSTERED NONCLUSTERED

Token: INDEX INDEX

linea :14 , primera columna: 26 ultima columna: 47 , IX_Address_PostalCode: Es un@Identificador

linea :15 , primera columna: 0 ultima columna: 6 , Person: Es un@Identificador

linea :15 , primera columna: 6 ultima columna: 7 , .: Es un@punto

linea :15 , primera columna: 7 ultima columna: 14 , Address: Es un@Identificador

linea :15 , primera columna: 15 ultima columna: 16 , (: Es un@parentesis_izquierdo

linea :15 , primera columna: 16 ultima columna: 26 , PostalCode: Es un@Identificador

linea :15 , primera columna: 26 ultima columna: 27 , ): Es un@parentesis_derecho

Token: INCLUDE INCLUDE

linea :16 , primera columna: 8 ultima columna: 9 , (: Es un@parentesis_izquierdo

linea :16 , primera columna: 9 ultima columna: 21 , AddressLine1: Es un@Identificador

linea :16 , primera columna: 21 ultima columna: 22 , ,: Es un@coma

linea :16 , primera columna: 23 ultima columna: 35 , AddressLine2: Es un@Identificador

linea :16 , primera columna: 35 ultima columna: 36 , ,: Es un@coma

linea :16 , primera columna: 37 ultima columna: 41 , City: Es un@Identificador

linea :16 , primera columna: 41 ultima columna: 42 , ,: Es un@coma

linea :16 , primera columna: 43 ultima columna: 58 , StateProvinceID: Es un@Identificador

linea :16 , primera columna: 58 ultima columna: 59 , ): Es un@parentesis_derecho

linea :16 , primera columna: 59 ultima columna: 60 , ;: Es un@punto_coma

Token: CREATE CREATE

Token: TABLE TABLE

linea :18 , primera columna: 13 ultima columna: 21 , LICENCIA: Es un@Identificador

linea :19 , primera columna: 0 ultima columna: 1 , (: Es un@parentesis_izquierdo

linea :20 , primera columna: 1 ultima columna: 12 , id_licencia: Es un@Identificador

Token: INT INT

Token: IDENTITY IDENTITY

linea :20 , primera columna: 25 ultima columna: 26 , (: Es un@parentesis_izquierdo

linea :20 , primera columna: 26 ultima columna: 27 , 1: Es un@Int

linea :20 , primera columna: 27 ultima columna: 28 , ,: Es un@coma

linea :20 , primera columna: 28 ultima columna: 29 , 1: Es un@Int

linea :20 , primera columna: 29 ultima columna: 30 , ): Es un@parentesis_derecho

linea :20 , primera columna: 30 ultima columna: 31 , ,: Es un@coma

linea :21 , primera columna: 1 ultima columna: 5 , tipo: Es un@Identificador

Token: INT INT

Token: NOT NOT

Token: NULL NULL

linea :21 , primera columna: 18 ultima columna: 19 , ,: Es un@coma

linea :22 , primera columna: 1 ultima columna: 7 , nombre: Es un@Identificador

Token: VARCHAR VARCHAR

linea :22 , primera columna: 15 ultima columna: 16 , (: Es un@parentesis_izquierdo

linea :22 , primera columna: 16 ultima columna: 18 , 30: Es un@Int

linea :22 , primera columna: 18 ultima columna: 19 , ): Es un@parentesis_derecho

Token: NOT NOT

Token: NULL NULL

linea :22 , primera columna: 28 ultima columna: 29 , ,: Es un@coma

linea :23 , primera columna: 1 ultima columna: 9 , apellido: Es un@Identificador

Token: VARCHAR VARCHAR

linea :23 , primera columna: 17 ultima columna: 18 , (: Es un@parentesis_izquierdo

linea :23 , primera columna: 18 ultima columna: 20 , 30: Es un@Int

linea :23 , primera columna: 20 ultima columna: 21 , ): Es un@parentesis_derecho

Token: NOT NOT

Token: NULL NULL

linea :23 , primera columna: 30 ultima columna: 31 , ,: Es un@coma

linea :24 , primera columna: 1 ultima columna: 12 , no_licencia: Es un@Identificador

Token: VARCHAR VARCHAR

linea :24 , primera columna: 20 ultima columna: 21 , (: Es un@parentesis_izquierdo

linea :24 , primera columna: 21 ultima columna: 23 , 13: Es un@Int

linea :24 , primera columna: 23 ultima columna: 24 , ): Es un@parentesis_derecho

Token: NOT NOT

Token: NULL NULL

linea :24 , primera columna: 33 ultima columna: 34 , ,: Es un@coma

linea :25 , primera columna: 1 ultima columna: 10 , fecha_nac: Es un@Identificador

Token: DATE DATE

Token: NOT NOT

Token: NULL NULL

linea :25 , primera columna: 24 ultima columna: 25 , ,: Es un@coma

linea :26 , primera columna: 1 ultima columna: 11 , fecha_venc: Es un@Identificador

Token: DATE DATE

Token: NOT NOT

Token: NULL NULL

linea :26 , primera columna: 25 ultima columna: 26 , ,: Es un@coma

Token: CONSTRAINT CONSTRAINT

linea :27 , primera columna: 12 ultima columna: 25 , pk_idLicencia: Es un@Identificador

Token: PRIMARY PRIMARY

Token: KEY KEY

linea :27 , primera columna: 38 ultima columna: 39 , (: Es un@parentesis_izquierdo

linea :27 , primera columna: 39 ultima columna: 50 , id_licencia: Es un@Identificador

linea :27 , primera columna: 50 ultima columna: 51 , ): Es un@parentesis_derecho

linea :27 , primera columna: 51 ultima columna: 52 , ,: Es un@coma

Token: CONSTRAINT CONSTRAINT

linea :28 , primera columna: 12 ultima columna: 21 , fk_idTipo: Es un@Identificador

Token: FOREIGN FOREIGN

Token: KEY KEY

linea :28 , primera columna: 34 ultima columna: 35 , (: Es un@parentesis_izquierdo

linea :28 , primera columna: 35 ultima columna: 39 , tipo: Es un@Identificador

linea :28 , primera columna: 39 ultima columna: 40 , ): Es un@parentesis_derecho

Token: REFERENCES REFERENCES

linea :28 , primera columna: 52 ultima columna: 65 , TIPO_LICENCIA: Es un@Identificador

linea :28 , primera columna: 65 ultima columna: 66 , (: Es un@parentesis_izquierdo

linea :28 , primera columna: 66 ultima columna: 73 , id_tipo: Es un@Identificador

linea :28 , primera columna: 73 ultima columna: 74 , ): Es un@parentesis_derecho

linea :28 , primera columna: 74 ultima columna: 75 , ,: Es un@coma

Token: CONSTRAINT CONSTRAINT

linea :29 , primera columna: 12 ultima columna: 25 , ck_NoLicencia: Es un@Identificador

Token: CHECK CHECK

linea :29 , primera columna: 31 ultima columna: 32 , (: Es un@parentesis_izquierdo

linea :29 , primera columna: 33 ultima columna: 44 , no_licencia: Es un@Identificador

linea :29 , primera columna: 45 ultima columna: 46 , =: Es un@igual

linea :29 , primera columna: 47 ultima columna: 49 , 13: Es un@Int

Token: AND AND

linea :29 , primera columna: 54 ultima columna: 58 , tipo: Es un@Identificador

linea :29 , primera columna: 59 ultima columna: 60 , =: Es un@igual

linea :29 , primera columna: 61 ultima columna: 62 , 1: Es un@Int

linea :29 , primera columna: 62 ultima columna: 63 , ): Es un@parentesis_derecho

linea :29 , primera columna: 63 ultima columna: 64 , ,: Es un@coma

Token: CONSTRAINT CONSTRAINT

linea :30 , primera columna: 12 ultima columna: 25 , uk_NoLicencia: Es un@Identificador

Token: UNIQUE UNIQUE

linea :30 , primera columna: 32 ultima columna: 33 , (: Es un@parentesis_izquierdo

linea :30 , primera columna: 33 ultima columna: 44 , no_licencia: Es un@Identificador

linea :30 , primera columna: 44 ultima columna: 45 , ): Es un@parentesis_derecho

linea :31 , primera columna: 0 ultima columna: 1 , ): Es un@parentesis_derecho

linea :31 , primera columna: 1 ultima columna: 2 , ;: Es un@punto_coma

Token: CREATE CREATE

Token: TABLE TABLE

linea :34 , primera columna: 13 ultima columna: 16 , dbo: Es un@Identificador

linea :34 , primera columna: 16 ultima columna: 17 , .: Es un@punto

linea :34 , primera columna: 17 ultima columna: 25 , Employee: Es un@Identificador

linea :34 , primera columna: 26 ultima columna: 27 , (: Es un@parentesis_izquierdo

linea :34 , primera columna: 27 ultima columna: 37 , EmployeeID: Es un@Identificador

Token: INT INT

Token: PRIMARY PRIMARY

Token: KEY KEY

Token: CLUSTERED CLUSTERED

linea :35 , primera columna: 21 ultima columna: 22 , ): Es un@parentesis_derecho

linea :35 , primera columna: 22 ultima columna: 23 , ;: Es un@punto_coma

Token: CREATE CREATE

Token: VIEW VIEW

linea :37 , primera columna: 12 ultima columna: 26 , HumanResources: Es un@Identificador

linea :37 , primera columna: 26 ultima columna: 27 , .: Es un@punto

linea :37 , primera columna: 27 ultima columna: 43 , EmployeeHireDate: Es un@Identificador

Token: AS AS

Token: SELECT SELECT

linea :39 , primera columna: 7 ultima columna: 8 , p: Es un@Identificador

linea :39 , primera columna: 8 ultima columna: 9 , .: Es un@punto

linea :39 , primera columna: 9 ultima columna: 18 , FirstName: Es un@Identificador

linea :39 , primera columna: 18 ultima columna: 19 , ,: Es un@coma

linea :39 , primera columna: 20 ultima columna: 21 , p: Es un@Identificador

linea :39 , primera columna: 21 ultima columna: 22 , .: Es un@punto

linea :39 , primera columna: 22 ultima columna: 30 , LastName: Es un@Identificador

linea :39 , primera columna: 30 ultima columna: 31 , ,: Es un@coma

linea :39 , primera columna: 32 ultima columna: 33 , e: Es un@Identificador

linea :39 , primera columna: 33 ultima columna: 34 , .: Es un@punto

linea :39 , primera columna: 34 ultima columna: 42 , HireDate: Es un@Identificador

Token: FROM FROM

linea :40 , primera columna: 5 ultima columna: 19 , HumanResources: Es un@Identificador

linea :40 , primera columna: 19 ultima columna: 20 , .: Es un@punto

linea :40 , primera columna: 20 ultima columna: 28 , Employee: Es un@Identificador

Token: AS AS

linea :40 , primera columna: 32 ultima columna: 33 , e: Es un@Identificador

Token: JOIN JOIN

linea :40 , primera columna: 39 ultima columna: 45 , Person: Es un@Identificador

linea :40 , primera columna: 45 ultima columna: 46 , .: Es un@punto

linea :40 , primera columna: 46 ultima columna: 52 , Person: Es un@Identificador

Token: AS AS

linea :40 , primera columna: 57 ultima columna: 58 , p: Es un@Identificador

Token: ON ON

linea :41 , primera columna: 3 ultima columna: 4 , e: Es un@Identificador

linea :41 , primera columna: 4 ultima columna: 5 , .: Es un@punto

linea :41 , primera columna: 5 ultima columna: 21 , BusinessEntityID: Es un@Identificador

linea :41 , primera columna: 22 ultima columna: 23 , =: Es un@igual

linea :41 , primera columna: 24 ultima columna: 25 , p: Es un@Identificador

linea :41 , primera columna: 25 ultima columna: 26 , .: Es un@punto

linea :41 , primera columna: 26 ultima columna: 42 , BusinessEntityID: Es un@Identificador

linea :41 , primera columna: 43 ultima columna: 44 , ;: Es un@punto_coma

Token: CREATE CREATE

Token: NONCLUSTERED NONCLUSTERED

Token: INDEX INDEX

Identificador malo , el identificador debe tener 31 caractres o menos, error encontrado en linea: 44 primera columna: 26 ultima columna: 63, token malo IX_TransactionHistory_ReferenceOrderI
el Identificador correcto seria asi: IX_TransactionHistory_Reference

linea :44 , primera columna: 63 ultima columna: 64 , D: Es un@Identificador

Token: ON ON

linea :45 , primera columna: 3 ultima columna: 13 , Production: Es un@Identificador

linea :45 , primera columna: 13 ultima columna: 14 , .: Es un@punto

linea :45 , primera columna: 14 ultima columna: 32 , TransactionHistory: Es un@Identificador

linea :45 , primera columna: 33 ultima columna: 34 , (: Es un@parentesis_izquierdo

linea :45 , primera columna: 34 ultima columna: 50 , ReferenceOrderID: Es un@Identificador

linea :45 , primera columna: 50 ultima columna: 51 , ): Es un@parentesis_derecho

Token: ON ON

linea :46 , primera columna: 3 ultima columna: 18 , TransactionsPS1: Es un@Identificador

linea :46 , primera columna: 19 ultima columna: 20 , (: Es un@parentesis_izquierdo

linea :46 , primera columna: 20 ultima columna: 35 , TransactionDate: Es un@Identificador

linea :46 , primera columna: 35 ultima columna: 36 , ): Es un@parentesis_derecho

linea :46 , primera columna: 36 ultima columna: 37 , ;: Es un@punto_coma

Token: ALTER ALTER

Token: TABLE TABLE

linea :48 , primera columna: 12 ultima columna: 15 , dbo: Es un@Identificador

linea :48 , primera columna: 15 ultima columna: 16 , .: Es un@punto

linea :48 , primera columna: 16 ultima columna: 23 , doc_exc: Es un@Identificador

Token: ADD ADD

linea :48 , primera columna: 28 ultima columna: 36 , column_b: Es un@Identificador

Token: VARCHAR VARCHAR

linea :48 , primera columna: 44 ultima columna: 45 , (: Es un@parentesis_izquierdo

linea :48 , primera columna: 45 ultima columna: 47 , 20: Es un@Int

linea :48 , primera columna: 47 ultima columna: 48 , ): Es un@parentesis_derecho

Token: NULL NULL

Token: CONSTRAINT CONSTRAINT

linea :49 , primera columna: 11 ultima columna: 21 , exb_unique: Es un@Identificador

Token: UNIQUE UNIQUE

linea :49 , primera columna: 28 ultima columna: 29 , ;: Es un@punto_coma

Token: ALTER ALTER

Token: TABLE TABLE

linea :51 , primera columna: 12 ultima columna: 15 , dbo: Es un@Identificador

linea :51 , primera columna: 15 ultima columna: 16 , .: Es un@punto

linea :51 , primera columna: 16 ultima columna: 23 , doc_exc: Es un@Identificador

Token: ADD ADD

linea :51 , primera columna: 28 ultima columna: 36 , column_b: Es un@Identificador

Token: VARCHAR VARCHAR

linea :51 , primera columna: 44 ultima columna: 45 , (: Es un@parentesis_izquierdo

linea :51 , primera columna: 45 ultima columna: 47 , 20: Es un@Int

linea :51 , primera columna: 47 ultima columna: 48 , ): Es un@parentesis_derecho

Token: NULL NULL

linea :52 , primera columna: 0 ultima columna: 10 , exb_unique: Es un@Identificador

Token: UNIQUE UNIQUE

linea :52 , primera columna: 17 ultima columna: 18 , ;: Es un@punto_coma

Token: ALTER ALTER

Token: TABLE TABLE

linea :56 , primera columna: 12 ultima columna: 22 , Production: Es un@Identificador

linea :56 , primera columna: 22 ultima columna: 23 , .: Es un@punto

linea :56 , primera columna: 23 ultima columna: 48 , TransactionHistoryArchive: Es un@Identificador

Token: ADD ADD

Token: CONSTRAINT CONSTRAINT

Identificador malo , el identificador debe tener 31 caractres o menos, error encontrado en linea: 57 primera columna: 15 ultima columna: 56, token malo PK_TransactionHistoryArchive_TransactionI
el Identificador correcto seria asi: PK_TransactionHistoryArchive_Tr

linea :57 , primera columna: 56 ultima columna: 57 , D: Es un@Identificador

Token: PRIMARY PRIMARY

Token: CLUSTERED CLUSTERED

linea :57 , primera columna: 77 ultima columna: 78 , (: Es un@parentesis_izquierdo

linea :57 , primera columna: 78 ultima columna: 91 , TransactionID: Es un@Identificador

linea :57 , primera columna: 91 ultima columna: 92 , ): Es un@parentesis_derecho

linea :57 , primera columna: 92 ultima columna: 93 , ;: Es un@punto_coma

Token: ALTER ALTER

Token: TABLE TABLE

linea :59 , primera columna: 12 ultima columna: 22 , Production: Es un@Identificador

linea :59 , primera columna: 22 ultima columna: 23 , .: Es un@punto

linea :59 , primera columna: 23 ultima columna: 48 , TransactionHistoryArchive: Es un@Identificador

Token: ADD ADD

Token: CONSTRAINT CONSTRAINT

Identificador malo , el identificador debe tener 31 caractres o menos, error encontrado en linea: 60 primera columna: 15 ultima columna: 56, token malo PK_TransactionHistoryArchive_TransactionI
el Identificador correcto seria asi: PK_TransactionHistoryArchive_Tr

linea :60 , primera columna: 56 ultima columna: 57 , D: Es un@Identificador

Token: PRIMARY PRIMARY

Token: KEY KEY

Token: CLUSTERED CLUSTERED

linea :60 , primera columna: 81 ultima columna: 82 , (: Es un@parentesis_izquierdo

linea :60 , primera columna: 82 ultima columna: 95 , TransactionID: Es un@Identificador

linea :60 , primera columna: 95 ultima columna: 96 , ): Es un@parentesis_derecho

linea :60 , primera columna: 96 ultima columna: 97 , ;: Es un@punto_coma

Token: ALTER ALTER

Token: TABLE TABLE

linea :65 , primera columna: 12 ultima columna: 15 , dbo: Es un@Identificador

linea :65 , primera columna: 15 ultima columna: 16 , .: Es un@punto

linea :65 , primera columna: 16 ultima columna: 23 , doc_exb: Es un@Identificador

Token: DROP DROP

Token: COLUMN COLUMN

linea :65 , primera columna: 36 ultima columna: 44 , column_b: Es un@Identificador

linea :65 , primera columna: 44 ultima columna: 45 , ;: Es un@punto_coma

Token: ALTER ALTER

Token: TABLE TABLE

linea :67 , primera columna: 12 ultima columna: 15 , dbo: Es un@Identificador

linea :67 , primera columna: 15 ultima columna: 16 , .: Es un@punto

linea :67 , primera columna: 16 ultima columna: 23 , doc_exc: Es un@Identificador

Token: DROP DROP

Token: CONSTRAINT CONSTRAINT

linea :68 , primera columna: 16 ultima columna: 29 , my_constraint: Es un@Identificador

linea :68 , primera columna: 29 ultima columna: 30 , ,: Es un@coma

linea :68 , primera columna: 31 ultima columna: 47 , my_pk_constraint: Es un@Identificador

linea :68 , primera columna: 47 ultima columna: 48 , ,: Es un@coma

Token: COLUMN COLUMN

linea :68 , primera columna: 56 ultima columna: 64 , column_b: Es un@Identificador

linea :68 , primera columna: 65 ultima columna: 66 , ;: Es un@punto_coma

Token: GO GO

Token: ALTER ALTER

Token: TABLE TABLE

linea :71 , primera columna: 12 ultima columna: 15 , dbo: Es un@Identificador

linea :71 , primera columna: 15 ultima columna: 16 , .: Es un@punto

linea :71 , primera columna: 16 ultima columna: 23 , doc_exa: Es un@Identificador

Token: ADD ADD

linea :71 , primera columna: 28 ultima columna: 36 , column_b: Es un@Identificador

Token: VARCHAR VARCHAR

linea :71 , primera columna: 44 ultima columna: 45 , (: Es un@parentesis_izquierdo

linea :71 , primera columna: 45 ultima columna: 47 , 20: Es un@Int

linea :71 , primera columna: 47 ultima columna: 48 , ): Es un@parentesis_derecho

Token: NULL NULL

linea :71 , primera columna: 54 ultima columna: 55 , ;: Es un@punto_coma

Token: GO GO

Token: UPDATE UPDATE

linea :75 , primera columna: 7 ultima columna: 12 , Sales: Es un@Identificador

linea :75 , primera columna: 12 ultima columna: 13 , .: Es un@punto

linea :75 , primera columna: 13 ultima columna: 24 , SalesPerson: Es un@Identificador

Token: SET SET

linea :76 , primera columna: 4 ultima columna: 9 , Bonus: Es un@Identificador

linea :76 , primera columna: 10 ultima columna: 11 , =: Es un@igual

linea :76 , primera columna: 12 ultima columna: 13 , 6: Es un@Int

linea :76 , primera columna: 13 ultima columna: 14 , ,: Es un@coma

linea :76 , primera columna: 15 ultima columna: 28 , CommissionPct: Es un@Identificador

linea :76 , primera columna: 29 ultima columna: 30 , =: Es un@igual

linea :76 , primera columna: 31 ultima columna: 35 , 0.10: Es un@Float

Token: WHERE WHERE

linea :77 , primera columna: 6 ultima columna: 16 , SalesQuota: Es un@Identificador

linea :77 , primera columna: 17 ultima columna: 18 , =: Es un@igual

Token: NULL NULL

linea :77 , primera columna: 23 ultima columna: 24 , ;: Es un@punto_coma

Token: UPDATE UPDATE

linea :80 , primera columna: 7 ultima columna: 12 , Sales: Es un@Identificador

linea :80 , primera columna: 12 ultima columna: 13 , .: Es un@punto

linea :80 , primera columna: 13 ultima columna: 24 , SalesPerson: Es un@Identificador

Token: SET SET

linea :81 , primera columna: 4 ultima columna: 9 , Bonus: Es un@Identificador

linea :81 , primera columna: 10 ultima columna: 11 , =: Es un@igual

linea :81 , primera columna: 12 ultima columna: 13 , ,: Es un@coma

linea :81 , primera columna: 14 ultima columna: 27 , CommissionPct: Es un@Identificador

linea :81 , primera columna: 28 ultima columna: 29 , =: Es un@igual

linea :81 , primera columna: 30 ultima columna: 34 , 0.10: Es un@Float

Token: WHERE WHERE

linea :82 , primera columna: 6 ultima columna: 16 , SalesQuota: Es un@Identificador

linea :82 , primera columna: 17 ultima columna: 18 , =: Es un@igual

Token: NULL NULL

linea :82 , primera columna: 23 ultima columna: 24 , ;: Es un@punto_coma

Token: DROP DROP

Token: DATABASE DATABASE

linea :84 , primera columna: 14 ultima columna: 29 , [LineaDiamante]: Es un@Identificador

Token: GO GO

Token: ALTER ALTER

Token: TABLE TABLE

linea :87 , primera columna: 13 ultima columna: 18 , [dbo]: Es un@Identificador

linea :87 , primera columna: 18 ultima columna: 19 , .: Es un@punto

linea :87 , primera columna: 19 ultima columna: 34 , [InformeViajes]: Es un@Identificador

Token: DROP DROP

Token: CONSTRAINT CONSTRAINT

linea :87 , primera columna: 51 ultima columna: 83 , [CK__InformeVi__Pasaj__6D0D32F4]: Es un@Identificador

Token: GO GO

Token: DELETE DELETE

Token: TOP TOP

linea :90 , primera columna: 11 ultima columna: 12 , (: Es un@parentesis_izquierdo

linea :90 , primera columna: 12 ultima columna: 13 , 1: Es un@Int

linea :90 , primera columna: 13 ultima columna: 14 , ): Es un@parentesis_derecho

Token: FROM FROM

linea :90 , primera columna: 20 ultima columna: 38 , AdventureWorks2017: Es un@Identificador

linea :90 , primera columna: 38 ultima columna: 39 , .: Es un@punto

linea :90 , primera columna: 39 ultima columna: 53 , HumanResources: Es un@Identificador

linea :90 , primera columna: 53 ultima columna: 54 , .: Es un@punto

linea :90 , primera columna: 54 ultima columna: 62 , Employee: Es un@Identificador

Token: FROM FROM

linea :90 , primera columna: 68 ultima columna: 86 , AdventureWorks2017: Es un@Identificador

linea :90 , primera columna: 86 ultima columna: 87 , .: Es un@punto

linea :90 , primera columna: 87 ultima columna: 101 , HumanResources: Es un@Identificador

linea :90 , primera columna: 101 ultima columna: 102 , .: Es un@punto

linea :90 , primera columna: 102 ultima columna: 110 , Employee: Es un@Identificador

linea :90 , primera columna: 110 ultima columna: 111 , ,: Es un@coma

linea :90 , primera columna: 112 ultima columna: 122 , Production: Es un@Identificador

linea :90 , primera columna: 122 ultima columna: 123 , .: Es un@punto

linea :90 , primera columna: 123 ultima columna: 130 , Product: Es un@Identificador

Token: WHERE WHERE

linea :91 , primera columna: 6 ultima columna: 14 , Employee: Es un@Identificador

linea :91 , primera columna: 14 ultima columna: 15 , .: Es un@punto

linea :91 , primera columna: 15 ultima columna: 31 , BusinessEntityID: Es un@Identificador

Token: LIKE LIKE

linea :91 , primera columna: 37 ultima columna: 41 , 'S%': Es un@String

Token: GO GO

Token: DROP DROP

Token: DATABASE DATABASE

Token: GO GO

Token: DROP DROP

Token: USER USER

Token: IF IF

Token: EXISTS EXISTS

linea :97 , primera columna: 20 ultima columna: 29 , user_name: Es un@Identificador

Token: GO GO

Token: ALTER ALTER

Token: TABLE TABLE

linea :100 , primera columna: 12 ultima columna: 26 , HumanResources: Es un@Identificador

linea :100 , primera columna: 26 ultima columna: 27 , .: Es un@punto

linea :100 , primera columna: 27 ultima columna: 35 , Employee: Es un@Identificador

Token: DROP DROP

Token: CONSTRAINT CONSTRAINT

Token: EXISTS EXISTS

linea :100 , primera columna: 60 ultima columna: 64 , GOLA: Es un@Identificador

linea :100 , primera columna: 64 ultima columna: 65 , ;: Es un@punto_coma

Token: GO GO

Token: ALTER ALTER

Token: DATABASE DATABASE

linea :103 , primera columna: 15 ultima columna: 21 , testDB: Es un@Identificador

linea :104 , primera columna: 0 ultima columna: 7 , COLLATE: Es un@Reservadas

linea :104 , primera columna: 8 ultima columna: 20 , French_CI_AI: Es un@Identificador

linea :104 , primera columna: 20 ultima columna: 21 , ;: Es un@punto_coma

Token: DELETE DELETE

Token: TOP TOP

linea :106 , primera columna: 11 ultima columna: 12 , (: Es un@parentesis_izquierdo

linea :106 , primera columna: 12 ultima columna: 13 , 1: Es un@Int

linea :106 , primera columna: 13 ultima columna: 14 , ): Es un@parentesis_derecho

Token: FROM FROM

linea :106 , primera columna: 20 ultima columna: 38 , AdventureWorks2017: Es un@Identificador

linea :106 , primera columna: 38 ultima columna: 39 , .: Es un@punto

linea :106 , primera columna: 39 ultima columna: 53 , HumanResources: Es un@Identificador

linea :106 , primera columna: 53 ultima columna: 54 , .: Es un@punto

linea :106 , primera columna: 54 ultima columna: 62 , Employee: Es un@Identificador

Token: FROM FROM

linea :106 , primera columna: 68 ultima columna: 86 , AdventureWorks2017: Es un@Identificador

linea :106 , primera columna: 86 ultima columna: 87 , .: Es un@punto

linea :106 , primera columna: 87 ultima columna: 101 , HumanResources: Es un@Identificador

linea :106 , primera columna: 101 ultima columna: 102 , .: Es un@punto

linea :106 , primera columna: 102 ultima columna: 110 , Employee: Es un@Identificador

linea :106 , primera columna: 110 ultima columna: 111 , ,: Es un@coma

linea :106 , primera columna: 112 ultima columna: 122 , Production: Es un@Identificador

linea :106 , primera columna: 122 ultima columna: 123 , .: Es un@punto

linea :106 , primera columna: 123 ultima columna: 130 , Product: Es un@Identificador

Token: WHERE WHERE

linea :107 , primera columna: 6 ultima columna: 14 , Employee: Es un@Identificador

linea :107 , primera columna: 14 ultima columna: 15 , .: Es un@punto

linea :107 , primera columna: 15 ultima columna: 31 , BusinessEntityID: Es un@Identificador

Token: IN IN

linea :107 , primera columna: 35 ultima columna: 36 , (: Es un@parentesis_izquierdo

linea :107 , primera columna: 36 ultima columna: 37 , 1: Es un@Int

linea :107 , primera columna: 37 ultima columna: 38 , ,: Es un@coma

linea :107 , primera columna: 39 ultima columna: 40 , 5: Es un@Int

linea :107 , primera columna: 40 ultima columna: 41 , ,: Es un@coma

linea :107 , primera columna: 42 ultima columna: 43 , 8: Es un@Int

linea :107 , primera columna: 43 ultima columna: 44 , ,: Es un@coma

linea :107 , primera columna: 45 ultima columna: 46 , 0: Es un@Int

linea :107 , primera columna: 46 ultima columna: 47 , ): Es un@parentesis_derecho

linea :107 , primera columna: 47 ultima columna: 48 , ;: Es un@punto_coma

Token: ALTER ALTER

Token: TABLE TABLE

Token: DROP DROP

Token: CONSTRAINT CONSTRAINT

linea :109 , primera columna: 30 ultima columna: 62 , [CK__InformeVi__Pasaj__6D0D32F4]: Es un@Identificador

Token: GO GO

Token: INSERT INSERT

Token: INTO INTO

linea :113 , primera columna: 12 ultima columna: 21 , UBICACION: Es un@Identificador

linea :113 , primera columna: 22 ultima columna: 23 , (: Es un@parentesis_izquierdo

linea :113 , primera columna: 23 ultima columna: 29 , ciudad: Es un@Identificador

linea :113 , primera columna: 29 ultima columna: 30 , ,: Es un@coma

linea :113 , primera columna: 31 ultima columna: 35 , zona: Es un@Identificador

linea :113 , primera columna: 35 ultima columna: 36 , ,: Es un@coma

linea :113 , primera columna: 37 ultima columna: 48 , descripcion: Es un@Identificador

linea :113 , primera columna: 48 ultima columna: 49 , ): Es un@parentesis_derecho

Token: VALUES VALUES

linea :113 , primera columna: 57 ultima columna: 58 , (: Es un@parentesis_izquierdo

linea :113 , primera columna: 58 ultima columna: 69 , 'Guatemala': Es un@String

linea :113 , primera columna: 69 ultima columna: 70 , ,: Es un@coma

linea :113 , primera columna: 71 ultima columna: 72 , 4: Es un@Int

linea :113 , primera columna: 72 ultima columna: 73 , ,: Es un@coma

linea :113 , primera columna: 74 ultima columna: 85 , 'El trebol': Es un@String

linea :113 , primera columna: 85 ultima columna: 86 , ): Es un@parentesis_derecho

linea :113 , primera columna: 86 ultima columna: 87 , ,: Es un@coma

linea :113 , primera columna: 88 ultima columna: 89 , (: Es un@parentesis_izquierdo

linea :113 , primera columna: 89 ultima columna: 100 , 'Guatemala': Es un@String

linea :113 , primera columna: 100 ultima columna: 101 , ,: Es un@coma

linea :113 , primera columna: 102 ultima columna: 103 , 3: Es un@Int

linea :113 , primera columna: 103 ultima columna: 104 , ,: Es un@coma

linea :113 , primera columna: 105 ultima columna: 118 , 'El Basurero': Es un@String

linea :113 , primera columna: 118 ultima columna: 119 , ): Es un@parentesis_derecho

linea :113 , primera columna: 119 ultima columna: 120 , ,: Es un@coma

linea :113 , primera columna: 121 ultima columna: 122 , (: Es un@parentesis_izquierdo

linea :113 , primera columna: 122 ultima columna: 133 , 'Guatemala': Es un@String

linea :113 , primera columna: 133 ultima columna: 134 , ,: Es un@coma

linea :113 , primera columna: 135 ultima columna: 136 , 8: Es un@Int

linea :113 , primera columna: 136 ultima columna: 137 , ,: Es un@coma

linea :113 , primera columna: 138 ultima columna: 148 , 'Atlntico': Es un@String

linea :113 , primera columna: 148 ultima columna: 149 , ): Es un@parentesis_derecho

linea :114 , primera columna: 14 ultima columna: 15 , ,: Es un@coma

linea :114 , primera columna: 15 ultima columna: 16 , (: Es un@parentesis_izquierdo

linea :114 , primera columna: 16 ultima columna: 27 , 'Guatemala': Es un@String

linea :114 , primera columna: 27 ultima columna: 28 , ,: Es un@coma

linea :114 , primera columna: 29 ultima columna: 30 , 1: Es un@Int

linea :114 , primera columna: 30 ultima columna: 31 , ,: Es un@coma

linea :114 , primera columna: 32 ultima columna: 41 , 'Palacio': Es un@String

linea :114 , primera columna: 41 ultima columna: 42 , ): Es un@parentesis_derecho

linea :114 , primera columna: 42 ultima columna: 43 , ,: Es un@coma

linea :114 , primera columna: 44 ultima columna: 45 , (: Es un@parentesis_izquierdo

linea :114 , primera columna: 45 ultima columna: 56 , 'Guatemala': Es un@String

linea :114 , primera columna: 56 ultima columna: 57 , ,: Es un@coma

linea :114 , primera columna: 58 ultima columna: 60 , 11: Es un@Int

linea :114 , primera columna: 60 ultima columna: 61 , ,: Es un@coma

linea :114 , primera columna: 62 ultima columna: 68 , 'Peri': Es un@String

linea :114 , primera columna: 68 ultima columna: 69 , ): Es un@parentesis_derecho

linea :114 , primera columna: 69 ultima columna: 70 , ,: Es un@coma

linea :114 , primera columna: 71 ultima columna: 72 , (: Es un@parentesis_izquierdo

linea :114 , primera columna: 72 ultima columna: 83 , 'Guatemala': Es un@String

linea :114 , primera columna: 83 ultima columna: 84 , ,: Es un@coma

linea :114 , primera columna: 85 ultima columna: 87 , 11: Es un@Int

linea :114 , primera columna: 87 ultima columna: 88 , ,: Es un@coma

linea :114 , primera columna: 89 ultima columna: 102 , 'MiraFlowers': Es un@String

linea :114 , primera columna: 102 ultima columna: 103 , ): Es un@parentesis_derecho

linea :115 , primera columna: 14 ultima columna: 15 , ,: Es un@coma

linea :115 , primera columna: 15 ultima columna: 16 , (: Es un@parentesis_izquierdo

linea :115 , primera columna: 16 ultima columna: 27 , 'Guatemala': Es un@String

linea :115 , primera columna: 27 ultima columna: 28 , ,: Es un@coma

linea :115 , primera columna: 29 ultima columna: 30 , 5: Es un@Int

linea :115 , primera columna: 30 ultima columna: 31 , ,: Es un@coma

linea :115 , primera columna: 32 ultima columna: 45 , 'La Asuncion': Es un@String

linea :115 , primera columna: 45 ultima columna: 46 , ): Es un@parentesis_derecho

linea :115 , primera columna: 46 ultima columna: 47 , ,: Es un@coma

linea :115 , primera columna: 48 ultima columna: 49 , (: Es un@parentesis_izquierdo

linea :115 , primera columna: 49 ultima columna: 60 , 'Guatemala': Es un@String

linea :115 , primera columna: 60 ultima columna: 61 , ,: Es un@coma

linea :115 , primera columna: 62 ultima columna: 63 , 7: Es un@Int

linea :115 , primera columna: 63 ultima columna: 64 , ,: Es un@coma

linea :115 , primera columna: 65 ultima columna: 78 , 'El Naranjal': Es un@String

linea :115 , primera columna: 78 ultima columna: 79 , ): Es un@parentesis_derecho

linea :115 , primera columna: 79 ultima columna: 80 , ,: Es un@coma

linea :115 , primera columna: 81 ultima columna: 82 , (: Es un@parentesis_izquierdo

linea :115 , primera columna: 82 ultima columna: 93 , 'Guatemala': Es un@String

linea :115 , primera columna: 93 ultima columna: 94 , ,: Es un@coma

linea :115 , primera columna: 95 ultima columna: 96 , 6: Es un@Int

linea :115 , primera columna: 96 ultima columna: 97 , ,: Es un@coma

linea :115 , primera columna: 98 ultima columna: 112 , 'El Mercadito': Es un@String

linea :115 , primera columna: 112 ultima columna: 113 , ): Es un@parentesis_derecho

linea :115 , primera columna: 113 ultima columna: 114 , ,: Es un@coma

linea :116 , primera columna: 14 ultima columna: 15 , (: Es un@parentesis_izquierdo

linea :116 , primera columna: 15 ultima columna: 26 , 'Guatemala': Es un@String

linea :116 , primera columna: 26 ultima columna: 27 , ,: Es un@coma

linea :116 , primera columna: 28 ultima columna: 30 , 17: Es un@Int

linea :116 , primera columna: 30 ultima columna: 31 , ,: Es un@coma

linea :116 , primera columna: 32 ultima columna: 39 , 'km 10': Es un@String

linea :116 , primera columna: 39 ultima columna: 40 , ): Es un@parentesis_derecho

linea :116 , primera columna: 40 ultima columna: 41 , ;: Es un@punto_coma

Token: CREATE CREATE

Token: INDEX INDEX

linea :118 , primera columna: 13 ultima columna: 18 , IX_FF: Es un@Identificador

Token: ON ON

linea :118 , primera columna: 22 ultima columna: 25 , dbo: Es un@Identificador

linea :118 , primera columna: 25 ultima columna: 26 , .: Es un@punto

linea :118 , primera columna: 26 ultima columna: 37 , FactFinance: Es un@Identificador

linea :118 , primera columna: 38 ultima columna: 39 , (: Es un@parentesis_izquierdo

linea :118 , primera columna: 40 ultima columna: 50 , FinanceKey: Es un@Identificador

linea :118 , primera columna: 50 ultima columna: 51 , ,: Es un@coma

linea :118 , primera columna: 52 ultima columna: 59 , DateKey: Es un@Identificador

linea :118 , primera columna: 59 ultima columna: 60 , ,: Es un@coma

linea :118 , primera columna: 61 ultima columna: 76 , OrganizationKey: Es un@Identificador

Token: DESC DESC

linea :118 , primera columna: 81 ultima columna: 82 , ): Es un@parentesis_derecho

linea :118 , primera columna: 82 ultima columna: 83 , ;: Es un@punto_coma

Token: CREATE CREATE

Token: UNIQUE UNIQUE

Token: INDEX INDEX

linea :122 , primera columna: 20 ultima columna: 39 , AK_UnitMeasure_Name: Es un@Identificador

Token: ON ON

linea :123 , primera columna: 3 ultima columna: 13 , Production: Es un@Identificador

linea :123 , primera columna: 13 ultima columna: 14 , .: Es un@punto

linea :123 , primera columna: 14 ultima columna: 25 , UnitMeasure: Es un@Identificador

linea :123 , primera columna: 25 ultima columna: 26 , (: Es un@parentesis_izquierdo

linea :123 , primera columna: 26 ultima columna: 30 , Name: Es un@Identificador

linea :123 , primera columna: 30 ultima columna: 31 , ): Es un@parentesis_derecho

linea :123 , primera columna: 31 ultima columna: 32 , ;: Es un@punto_coma

Token: CREATE CREATE

Token: TABLE TABLE

linea :126 , primera columna: 13 ultima columna: 26 , TIPO_LICENCIA: Es un@Identificador

linea :127 , primera columna: 0 ultima columna: 1 , (: Es un@parentesis_izquierdo

linea :128 , primera columna: 1 ultima columna: 8 , id_tipo: Es un@Identificador

Token: INT INT

Token: IDENTITY IDENTITY

linea :128 , primera columna: 21 ultima columna: 22 , (: Es un@parentesis_izquierdo

linea :128 , primera columna: 22 ultima columna: 23 , 1: Es un@Int

linea :128 , primera columna: 23 ultima columna: 24 , ,: Es un@coma

linea :128 , primera columna: 24 ultima columna: 25 , 1: Es un@Int

linea :128 , primera columna: 25 ultima columna: 26 , ): Es un@parentesis_derecho

linea :128 , primera columna: 26 ultima columna: 27 , ,: Es un@coma

linea :129 , primera columna: 1 ultima columna: 5 , tipo: Es un@Identificador

Token: VARCHAR VARCHAR

linea :129 , primera columna: 13 ultima columna: 14 , (: Es un@parentesis_izquierdo

linea :129 , primera columna: 14 ultima columna: 15 , 1: Es un@Int

linea :129 , primera columna: 15 ultima columna: 16 , ): Es un@parentesis_derecho

Token: NOT NOT

Token: NULL NULL

linea :129 , primera columna: 25 ultima columna: 26 , ,: Es un@coma

Token: CONSTRAINT CONSTRAINT

linea :130 , primera columna: 12 ultima columna: 21 , pk_idTipo: Es un@Identificador

Token: PRIMARY PRIMARY

Token: KEY KEY

linea :130 , primera columna: 34 ultima columna: 35 , (: Es un@parentesis_izquierdo

linea :130 , primera columna: 35 ultima columna: 42 , id_tipo: Es un@Identificador

linea :130 , primera columna: 42 ultima columna: 43 , ): Es un@parentesis_derecho

linea :130 , primera columna: 43 ultima columna: 44 , ,: Es un@coma

Token: CONSTRAINT CONSTRAINT

linea :131 , primera columna: 12 ultima columna: 27 , uk_tipoLicencia: Es un@Identificador

Token: UNIQUE UNIQUE

linea :131 , primera columna: 34 ultima columna: 35 , (: Es un@parentesis_izquierdo

linea :131 , primera columna: 35 ultima columna: 39 , tipo: Es un@Identificador

linea :131 , primera columna: 39 ultima columna: 40 , ): Es un@parentesis_derecho

linea :131 , primera columna: 40 ultima columna: 41 , ,: Es un@coma

Token: CONSTRAINT CONSTRAINT

linea :132 , primera columna: 12 ultima columna: 27 , ck_tipoLicencia: Es un@Identificador

Token: CHECK CHECK

linea :132 , primera columna: 33 ultima columna: 34 , (: Es un@parentesis_izquierdo

linea :132 , primera columna: 34 ultima columna: 38 , tipo: Es un@Identificador

Token: IN IN

linea :132 , primera columna: 42 ultima columna: 43 , (: Es un@parentesis_izquierdo

linea :132 , primera columna: 43 ultima columna: 46 , 'A': Es un@String

linea :132 , primera columna: 46 ultima columna: 47 , ,: Es un@coma

linea :132 , primera columna: 47 ultima columna: 50 , 'B': Es un@String

linea :132 , primera columna: 50 ultima columna: 51 , ,: Es un@coma

linea :132 , primera columna: 51 ultima columna: 54 , 'C': Es un@String

linea :132 , primera columna: 54 ultima columna: 55 , ,: Es un@coma

linea :132 , primera columna: 55 ultima columna: 58 , 'M': Es un@String

linea :132 , primera columna: 58 ultima columna: 59 , ): Es un@parentesis_derecho

linea :132 , primera columna: 59 ultima columna: 60 , ): Es un@parentesis_derecho

linea :133 , primera columna: 0 ultima columna: 1 , ): Es un@parentesis_derecho

Token: GO GO

FIN